2015-05-16 15:52:30,544 - [INFO] - from play in pool-4-thread-3 
Listening for HTTP on /0:0:0:0:0:0:0:0:9000

2015-05-16 15:52:37,906 - [DEBUG] - from com.jolbox.bonecp.BoneCPDataSource in play-internal-execution-context-1 
JDBC URL = jdbc:mysql://127.0.0.1/icare, Username = root, partitions = 1, max (per partition) = 30, min (per partition) = 5, idle max age = 10 min, idle test period = 1 min, strategy = DEFAULT

2015-05-16 15:52:38,225 - [INFO] - from play in play-internal-execution-context-1 
database [default] connected at jdbc:mysql://127.0.0.1/icare

2015-05-16 15:52:38,771 - [DEBUG] - from com.jolbox.bonecp.StatementHandle in play-internal-execution-context-1 
select id, hash, apply_script, revert_script, state, last_problem from play_evolutions where state like 'applying_%'

2015-05-16 15:52:38,772 - [DEBUG] - from com.jolbox.bonecp.StatementHandle in play-internal-execution-context-1 

            select id, hash, apply_script, revert_script from play_evolutions order by id
        

2015-05-16 15:52:38,896 - [INFO] - from play in play-internal-execution-context-1 
Application started (Dev)

2015-05-16 15:52:39,230 - [DEBUG] - from com.jolbox.bonecp.PreparedStatementHandle in play-akka.actor.default-dispatcher-3 
insert into device (mac, version, type) values ('cushion','[SQL NULL of type 12]','[SQL NULL of type 12]')

2015-05-16 15:52:39,240 - [DEBUG] - from application in play-akka.actor.default-dispatcher-3 
This is my first log

2015-05-16 15:55:08,571 - [INFO] - from com.jolbox.bonecp.BoneCP in play-internal-execution-context-1 
Shutting down connection pool...

2015-05-16 15:55:08,599 - [DEBUG] - from com.jolbox.bonecp.PoolWatchThread in BoneCP-pool-watch-thread 
Terminating pool watch thread

2015-05-16 15:55:08,628 - [INFO] - from com.jolbox.bonecp.BoneCP in play-internal-execution-context-1 
Connection pool has been shutdown.

2015-05-16 15:55:08,629 - [DEBUG] - from com.jolbox.bonecp.BoneCPDataSource in play-internal-execution-context-1 
Connection pool has been shut down

2015-05-16 15:55:08,682 - [DEBUG] - from com.jolbox.bonecp.BoneCPDataSource in play-internal-execution-context-1 
JDBC URL = jdbc:mysql://127.0.0.1/icare, Username = root, partitions = 1, max (per partition) = 30, min (per partition) = 5, idle max age = 10 min, idle test period = 1 min, strategy = DEFAULT

2015-05-16 15:55:08,770 - [INFO] - from play in play-internal-execution-context-1 
database [default] connected at jdbc:mysql://127.0.0.1/icare

2015-05-16 15:55:08,827 - [DEBUG] - from com.jolbox.bonecp.StatementHandle in play-internal-execution-context-1 
select id, hash, apply_script, revert_script, state, last_problem from play_evolutions where state like 'applying_%'

2015-05-16 15:55:08,829 - [DEBUG] - from com.jolbox.bonecp.StatementHandle in play-internal-execution-context-1 

            select id, hash, apply_script, revert_script from play_evolutions order by id
        

2015-05-16 15:55:08,837 - [INFO] - from play in play-internal-execution-context-1 
Application started (Dev)

2015-05-16 15:55:08,929 - [DEBUG] - from com.jolbox.bonecp.PreparedStatementHandle in play-akka.actor.default-dispatcher-4 
select t0.id c0, t0.mac c1, t0.version c2, t0.type c3 from device t0 where t0.id = 1  

2015-05-16 15:55:08,972 - [DEBUG] - from application in play-akka.actor.default-dispatcher-4 
This is my first log

2015-05-16 15:56:55,147 - [INFO] - from com.jolbox.bonecp.BoneCP in play-internal-execution-context-1 
Shutting down connection pool...

2015-05-16 15:56:55,148 - [DEBUG] - from com.jolbox.bonecp.PoolWatchThread in BoneCP-pool-watch-thread 
Terminating pool watch thread

2015-05-16 15:56:55,151 - [INFO] - from com.jolbox.bonecp.BoneCP in play-internal-execution-context-1 
Connection pool has been shutdown.

2015-05-16 15:56:55,151 - [DEBUG] - from com.jolbox.bonecp.BoneCPDataSource in play-internal-execution-context-1 
Connection pool has been shut down

2015-05-16 15:56:55,193 - [DEBUG] - from com.jolbox.bonecp.BoneCPDataSource in play-internal-execution-context-1 
JDBC URL = jdbc:mysql://127.0.0.1/icare, Username = root, partitions = 1, max (per partition) = 30, min (per partition) = 5, idle max age = 10 min, idle test period = 1 min, strategy = DEFAULT

2015-05-16 15:56:55,295 - [INFO] - from play in play-internal-execution-context-1 
database [default] connected at jdbc:mysql://127.0.0.1/icare

2015-05-16 15:56:55,349 - [DEBUG] - from com.jolbox.bonecp.StatementHandle in play-internal-execution-context-1 
select id, hash, apply_script, revert_script, state, last_problem from play_evolutions where state like 'applying_%'

2015-05-16 15:56:55,350 - [DEBUG] - from com.jolbox.bonecp.StatementHandle in play-internal-execution-context-1 

            select id, hash, apply_script, revert_script from play_evolutions order by id
        

2015-05-16 15:56:55,358 - [INFO] - from play in play-internal-execution-context-1 
Application started (Dev)

2015-05-16 15:56:55,367 - [DEBUG] - from com.jolbox.bonecp.PreparedStatementHandle in play-akka.actor.default-dispatcher-5 
select t0.id c0, t0.mac c1, t0.version c2, t0.type c3 from device t0 where t0.id = 1  

2015-05-16 15:56:55,368 - [DEBUG] - from application in play-akka.actor.default-dispatcher-5 
This is my first log

2015-05-16 16:01:05,193 - [INFO] - from com.jolbox.bonecp.BoneCP in play-internal-execution-context-1 
Shutting down connection pool...

2015-05-16 16:01:05,194 - [DEBUG] - from com.jolbox.bonecp.PoolWatchThread in BoneCP-pool-watch-thread 
Terminating pool watch thread

2015-05-16 16:01:05,195 - [INFO] - from com.jolbox.bonecp.BoneCP in play-internal-execution-context-1 
Connection pool has been shutdown.

2015-05-16 16:01:05,195 - [DEBUG] - from com.jolbox.bonecp.BoneCPDataSource in play-internal-execution-context-1 
Connection pool has been shut down

2015-05-16 16:01:05,243 - [DEBUG] - from com.jolbox.bonecp.BoneCPDataSource in play-internal-execution-context-1 
JDBC URL = jdbc:mysql://127.0.0.1/icare, Username = root, partitions = 1, max (per partition) = 30, min (per partition) = 5, idle max age = 10 min, idle test period = 1 min, strategy = DEFAULT

2015-05-16 16:01:05,337 - [INFO] - from play in play-internal-execution-context-1 
database [default] connected at jdbc:mysql://127.0.0.1/icare

2015-05-16 16:01:05,409 - [DEBUG] - from com.jolbox.bonecp.StatementHandle in play-internal-execution-context-1 
select id, hash, apply_script, revert_script, state, last_problem from play_evolutions where state like 'applying_%'

2015-05-16 16:01:05,410 - [DEBUG] - from com.jolbox.bonecp.StatementHandle in play-internal-execution-context-1 

            select id, hash, apply_script, revert_script from play_evolutions order by id
        

2015-05-16 16:01:05,421 - [INFO] - from play in play-internal-execution-context-1 
Application started (Dev)

2015-05-16 16:01:05,446 - [DEBUG] - from application in play-akka.actor.default-dispatcher-6 
query cushion

2015-05-16 16:01:05,448 - [DEBUG] - from com.jolbox.bonecp.PreparedStatementHandle in play-akka.actor.default-dispatcher-6 
select t0.id c0, t0.mac c1, t0.version c2, t0.type c3 from device t0 where t0.id = 1  

2015-05-16 16:01:05,451 - [DEBUG] - from application in play-akka.actor.default-dispatcher-6 
This is my first log

2015-05-16 16:12:25,822 - [INFO] - from com.jolbox.bonecp.BoneCP in play-internal-execution-context-1 
Shutting down connection pool...

2015-05-16 16:12:25,822 - [DEBUG] - from com.jolbox.bonecp.PoolWatchThread in BoneCP-pool-watch-thread 
Terminating pool watch thread

2015-05-16 16:12:25,824 - [INFO] - from com.jolbox.bonecp.BoneCP in play-internal-execution-context-1 
Connection pool has been shutdown.

2015-05-16 16:12:25,824 - [DEBUG] - from com.jolbox.bonecp.BoneCPDataSource in play-internal-execution-context-1 
Connection pool has been shut down

2015-05-16 16:12:25,861 - [DEBUG] - from com.jolbox.bonecp.BoneCPDataSource in play-internal-execution-context-1 
JDBC URL = jdbc:mysql://127.0.0.1/icare, Username = root, partitions = 1, max (per partition) = 30, min (per partition) = 5, idle max age = 10 min, idle test period = 1 min, strategy = DEFAULT

2015-05-16 16:12:25,988 - [INFO] - from play in play-internal-execution-context-1 
database [default] connected at jdbc:mysql://127.0.0.1/icare

2015-05-16 16:12:26,040 - [DEBUG] - from com.jolbox.bonecp.StatementHandle in play-internal-execution-context-1 
select id, hash, apply_script, revert_script, state, last_problem from play_evolutions where state like 'applying_%'

2015-05-16 16:12:26,041 - [DEBUG] - from com.jolbox.bonecp.StatementHandle in play-internal-execution-context-1 

            select id, hash, apply_script, revert_script from play_evolutions order by id
        

2015-05-16 16:12:26,049 - [INFO] - from play in play-internal-execution-context-1 
Application started (Dev)

2015-05-16 16:12:26,056 - [DEBUG] - from application in play-akka.actor.default-dispatcher-7 
query cushion

2015-05-16 16:12:26,061 - [DEBUG] - from com.jolbox.bonecp.PreparedStatementHandle in play-akka.actor.default-dispatcher-7 
select t0.id c0, t0.mac c1, t0.version c2, t0.type c3 from device t0

2015-05-16 16:17:04,239 - [INFO] - from com.jolbox.bonecp.BoneCP in play-internal-execution-context-1 
Shutting down connection pool...

2015-05-16 16:17:04,240 - [DEBUG] - from com.jolbox.bonecp.PoolWatchThread in BoneCP-pool-watch-thread 
Terminating pool watch thread

2015-05-16 16:17:04,241 - [INFO] - from com.jolbox.bonecp.BoneCP in play-internal-execution-context-1 
Connection pool has been shutdown.

2015-05-16 16:17:04,241 - [DEBUG] - from com.jolbox.bonecp.BoneCPDataSource in play-internal-execution-context-1 
Connection pool has been shut down

2015-05-16 16:17:04,284 - [DEBUG] - from com.jolbox.bonecp.BoneCPDataSource in play-internal-execution-context-1 
JDBC URL = jdbc:mysql://127.0.0.1/icare, Username = root, partitions = 1, max (per partition) = 30, min (per partition) = 5, idle max age = 10 min, idle test period = 1 min, strategy = DEFAULT

2015-05-16 16:17:04,373 - [INFO] - from play in play-internal-execution-context-1 
database [default] connected at jdbc:mysql://127.0.0.1/icare

2015-05-16 16:17:04,442 - [DEBUG] - from com.jolbox.bonecp.StatementHandle in play-internal-execution-context-1 
select id, hash, apply_script, revert_script, state, last_problem from play_evolutions where state like 'applying_%'

2015-05-16 16:17:04,444 - [DEBUG] - from com.jolbox.bonecp.StatementHandle in play-internal-execution-context-1 

            select id, hash, apply_script, revert_script from play_evolutions order by id
        

2015-05-16 16:17:04,450 - [INFO] - from play in play-internal-execution-context-1 
Application started (Dev)

2015-05-16 16:17:04,456 - [DEBUG] - from application in play-akka.actor.default-dispatcher-8 
query cushion

2015-05-16 16:17:04,458 - [DEBUG] - from com.jolbox.bonecp.PreparedStatementHandle in play-akka.actor.default-dispatcher-8 
select t0.id c0, t0.mac c1, t0.version c2, t0.type c3 from device t0

2015-05-16 16:17:49,944 - [INFO] - from com.jolbox.bonecp.BoneCP in play-internal-execution-context-1 
Shutting down connection pool...

2015-05-16 16:17:49,945 - [DEBUG] - from com.jolbox.bonecp.PoolWatchThread in BoneCP-pool-watch-thread 
Terminating pool watch thread

2015-05-16 16:17:49,946 - [INFO] - from com.jolbox.bonecp.BoneCP in play-internal-execution-context-1 
Connection pool has been shutdown.

2015-05-16 16:17:49,947 - [DEBUG] - from com.jolbox.bonecp.BoneCPDataSource in play-internal-execution-context-1 
Connection pool has been shut down

2015-05-16 16:17:49,984 - [DEBUG] - from com.jolbox.bonecp.BoneCPDataSource in play-internal-execution-context-1 
JDBC URL = jdbc:mysql://127.0.0.1/icare, Username = root, partitions = 1, max (per partition) = 30, min (per partition) = 5, idle max age = 10 min, idle test period = 1 min, strategy = DEFAULT

2015-05-16 16:17:50,073 - [INFO] - from play in play-internal-execution-context-1 
database [default] connected at jdbc:mysql://127.0.0.1/icare

2015-05-16 16:17:50,156 - [DEBUG] - from com.jolbox.bonecp.StatementHandle in play-internal-execution-context-1 
select id, hash, apply_script, revert_script, state, last_problem from play_evolutions where state like 'applying_%'

2015-05-16 16:17:50,157 - [DEBUG] - from com.jolbox.bonecp.StatementHandle in play-internal-execution-context-1 

            select id, hash, apply_script, revert_script from play_evolutions order by id
        

2015-05-16 16:17:50,168 - [INFO] - from play in play-internal-execution-context-1 
Application started (Dev)

2015-05-16 16:17:50,173 - [DEBUG] - from application in play-akka.actor.default-dispatcher-9 
query cushion

2015-05-16 16:17:50,174 - [DEBUG] - from com.jolbox.bonecp.PreparedStatementHandle in play-akka.actor.default-dispatcher-9 
select t0.id c0, t0.mac c1, t0.version c2, t0.type c3 from device t0

2015-05-16 16:20:45,437 - [INFO] - from com.jolbox.bonecp.BoneCP in play-internal-execution-context-1 
Shutting down connection pool...

2015-05-16 16:20:45,437 - [DEBUG] - from com.jolbox.bonecp.PoolWatchThread in BoneCP-pool-watch-thread 
Terminating pool watch thread

2015-05-16 16:20:45,438 - [INFO] - from com.jolbox.bonecp.BoneCP in play-internal-execution-context-1 
Connection pool has been shutdown.

2015-05-16 16:20:45,439 - [DEBUG] - from com.jolbox.bonecp.BoneCPDataSource in play-internal-execution-context-1 
Connection pool has been shut down

2015-05-16 16:20:45,474 - [DEBUG] - from com.jolbox.bonecp.BoneCPDataSource in play-internal-execution-context-1 
JDBC URL = jdbc:mysql://127.0.0.1/icare, Username = root, partitions = 1, max (per partition) = 30, min (per partition) = 5, idle max age = 10 min, idle test period = 1 min, strategy = DEFAULT

2015-05-16 16:20:45,562 - [INFO] - from play in play-internal-execution-context-1 
database [default] connected at jdbc:mysql://127.0.0.1/icare

2015-05-16 16:20:45,633 - [DEBUG] - from com.jolbox.bonecp.StatementHandle in play-internal-execution-context-1 
select id, hash, apply_script, revert_script, state, last_problem from play_evolutions where state like 'applying_%'

2015-05-16 16:20:45,636 - [DEBUG] - from com.jolbox.bonecp.StatementHandle in play-internal-execution-context-1 

            select id, hash, apply_script, revert_script from play_evolutions order by id
        

2015-05-16 16:20:45,643 - [INFO] - from play in play-internal-execution-context-1 
Application started (Dev)

2015-05-16 16:20:45,648 - [DEBUG] - from application in play-akka.actor.default-dispatcher-10 
query cushion

2015-05-16 16:20:45,650 - [DEBUG] - from com.jolbox.bonecp.PreparedStatementHandle in play-akka.actor.default-dispatcher-10 
select t0.id c0, t0.mac c1, t0.version c2, t0.type c3 from device t0

2015-05-16 16:26:01,386 - [ERROR] - from application in New I/O worker #3 


! @6m6kp04f6 - Internal server error, for (GET) [/query/cushion/2] ->

play.PlayExceptions$RoutesCompilationException: Compilation error[`)' expected but `I' found]
	at play.PlaySourceGenerators$$anonfun$1.apply(PlaySourceGenerators.scala:24) ~[na:na]
	at play.PlaySourceGenerators$$anonfun$1.apply(PlaySourceGenerators.scala:12) ~[na:na]
	at play.PlaySettings$$anonfun$defaultSettings$29.apply(PlaySettings.scala:119) ~[na:na]
	at play.PlaySettings$$anonfun$defaultSettings$29.apply(PlaySettings.scala:119) ~[na:na]
	at scala.Function7$$anonfun$tupled$1.apply(Function7.scala:35) ~[scala-library-2.11.1.jar:na]
	at scala.Function7$$anonfun$tupled$1.apply(Function7.scala:34) ~[scala-library-2.11.1.jar:na]
	at scala.Function1$$anonfun$compose$1.apply(Function1.scala:47) ~[scala-library-2.11.1.jar:na]
	at sbt.$tilde$greater$$anonfun$$u2219$1.apply(TypeFunctions.scala:42) ~[na:na]
	at sbt.std.Transform$$anon$4.work(System.scala:64) ~[na:na]
	at sbt.Execute$$anonfun$submit$1$$anonfun$apply$1.apply(Execute.scala:237) ~[na:na]
	at sbt.Execute$$anonfun$submit$1$$anonfun$apply$1.apply(Execute.scala:237) ~[na:na]
	at sbt.ErrorHandling$.wideConvert(ErrorHandling.scala:18) ~[na:na]
	at sbt.Execute.work(Execute.scala:244) ~[na:na]
	at sbt.Execute$$anonfun$submit$1.apply(Execute.scala:237) ~[na:na]
	at sbt.Execute$$anonfun$submit$1.apply(Execute.scala:237) ~[na:na]
	at sbt.ConcurrentRestrictions$$anon$4$$anonfun$1.apply(ConcurrentRestrictions.scala:160) ~[na:na]
	at sbt.CompletionService$$anon$2.call(CompletionService.scala:30) ~[na:na]
	at java.util.concurrent.FutureTask$Sync.innerRun(Unknown Source) ~[na:1.7.0]
	at java.util.concurrent.FutureTask.run(Unknown Source) ~[na:1.7.0]
	at java.util.concurrent.Executors$RunnableAdapter.call(Unknown Source) ~[na:1.7.0]
	at java.util.concurrent.FutureTask$Sync.innerRun(Unknown Source) ~[na:1.7.0]
	at java.util.concurrent.FutureTask.run(Unknown Source) ~[na:1.7.0]
	at java.util.concurrent.ThreadPoolExecutor.runWorker(Unknown Source) [na:1.7.0]
	at java.util.concurrent.ThreadPoolExecutor$Worker.run(Unknown Source) [na:1.7.0]
	at java.lang.Thread.run(Unknown Source) [na:1.7.0]

2015-05-16 16:32:45,771 - [ERROR] - from application in New I/O worker #5 


! @6m6kpn593 - Internal server error, for (GET) [/query/cushion?id=2] ->

play.PlayExceptions$CompilationException: Compilation error[type mismatch;
 found   : String
 required: Integer]
	at play.PlayExceptions$CompilationException$.apply(PlayExceptions.scala:27) ~[na:na]
	at play.PlayExceptions$CompilationException$.apply(PlayExceptions.scala:27) ~[na:na]
	at scala.Option.map(Option.scala:145) ~[scala-library-2.11.1.jar:na]
	at play.PlayReload$$anonfun$taskFailureHandler$1.apply(PlayReload.scala:49) ~[na:na]
	at play.PlayReload$$anonfun$taskFailureHandler$1.apply(PlayReload.scala:44) ~[na:na]
	at scala.Option.map(Option.scala:145) ~[scala-library-2.11.1.jar:na]
	at play.PlayReload$.taskFailureHandler(PlayReload.scala:44) ~[na:na]
	at play.PlayReload$.compileFailure(PlayReload.scala:40) ~[na:na]
	at play.PlayReload$$anonfun$compile$1.apply(PlayReload.scala:17) ~[na:na]
	at play.PlayReload$$anonfun$compile$1.apply(PlayReload.scala:17) ~[na:na]
	at scala.util.Either$LeftProjection.map(Either.scala:377) ~[scala-library-2.11.1.jar:na]
	at play.PlayReload$.compile(PlayReload.scala:17) ~[na:na]
	at play.PlayRun$$anonfun$playRunTask$1$$anonfun$apply$2$$anonfun$apply$3$$anonfun$2.apply(PlayRun.scala:61) ~[na:na]
	at play.PlayRun$$anonfun$playRunTask$1$$anonfun$apply$2$$anonfun$apply$3$$anonfun$2.apply(PlayRun.scala:61) ~[na:na]
	at play.runsupport.Reloader.reload(Reloader.scala:295) ~[na:na]
	at play.core.ReloadableApplication$$anonfun$get$1.apply(ApplicationProvider.scala:122) ~[play_2.11-2.3.8.jar:2.3.8]
	at play.core.ReloadableApplication$$anonfun$get$1.apply(ApplicationProvider.scala:120) ~[play_2.11-2.3.8.jar:2.3.8]
	at scala.concurrent.impl.Future$PromiseCompletingRunnable.liftedTree1$1(Future.scala:24) ~[scala-library-2.11.1.jar:na]
	at scala.concurrent.impl.Future$PromiseCompletingRunnable.run(Future.scala:24) ~[scala-library-2.11.1.jar:na]
	at scala.concurrent.forkjoin.ForkJoinTask$AdaptedRunnableAction.exec(ForkJoinTask.java:1361) ~[scala-library-2.11.1.jar:na]
	at scala.concurrent.forkjoin.ForkJoinTask.doExec(ForkJoinTask.java:260) ~[scala-library-2.11.1.jar:na]
	at scala.concurrent.forkjoin.ForkJoinPool$WorkQueue.runTask(ForkJoinPool.java:1339) ~[scala-library-2.11.1.jar:na]
	at scala.concurrent.forkjoin.ForkJoinPool.runWorker(ForkJoinPool.java:1979) ~[scala-library-2.11.1.jar:na]
	at scala.concurrent.forkjoin.ForkJoinWorkerThread.run(ForkJoinWorkerThread.java:107) ~[scala-library-2.11.1.jar:na]

2015-05-16 16:33:55,196 - [INFO] - from com.jolbox.bonecp.BoneCP in play-internal-execution-context-1 
Shutting down connection pool...

2015-05-16 16:33:55,197 - [DEBUG] - from com.jolbox.bonecp.PoolWatchThread in BoneCP-pool-watch-thread 
Terminating pool watch thread

2015-05-16 16:33:55,198 - [INFO] - from com.jolbox.bonecp.BoneCP in play-internal-execution-context-1 
Connection pool has been shutdown.

2015-05-16 16:33:55,198 - [DEBUG] - from com.jolbox.bonecp.BoneCPDataSource in play-internal-execution-context-1 
Connection pool has been shut down

2015-05-16 16:33:55,233 - [DEBUG] - from com.jolbox.bonecp.BoneCPDataSource in play-internal-execution-context-1 
JDBC URL = jdbc:mysql://127.0.0.1/icare, Username = root, partitions = 1, max (per partition) = 30, min (per partition) = 5, idle max age = 10 min, idle test period = 1 min, strategy = DEFAULT

2015-05-16 16:33:55,316 - [INFO] - from play in play-internal-execution-context-1 
database [default] connected at jdbc:mysql://127.0.0.1/icare

2015-05-16 16:33:55,370 - [DEBUG] - from com.jolbox.bonecp.StatementHandle in play-internal-execution-context-1 
select id, hash, apply_script, revert_script, state, last_problem from play_evolutions where state like 'applying_%'

2015-05-16 16:33:55,371 - [DEBUG] - from com.jolbox.bonecp.StatementHandle in play-internal-execution-context-1 

            select id, hash, apply_script, revert_script from play_evolutions order by id
        

2015-05-16 16:33:55,378 - [INFO] - from play in play-internal-execution-context-1 
Application started (Dev)

2015-05-16 16:33:55,384 - [DEBUG] - from application in play-akka.actor.default-dispatcher-11 
query: cushion

2015-05-16 16:33:55,386 - [DEBUG] - from com.jolbox.bonecp.PreparedStatementHandle in play-akka.actor.default-dispatcher-11 
select t0.id c0, t0.mac c1, t0.version c2, t0.type c3 from device t0

2015-05-16 16:34:29,807 - [DEBUG] - from application in play-akka.actor.default-dispatcher-12 
query: cushion

2015-05-16 16:34:29,815 - [DEBUG] - from com.jolbox.bonecp.PreparedStatementHandle in play-akka.actor.default-dispatcher-12 
select t0.id c0, t0.mac c1, t0.version c2, t0.type c3 from device t0

2015-05-16 16:34:42,395 - [DEBUG] - from application in play-akka.actor.default-dispatcher-12 
query: cushion

2015-05-16 16:34:42,397 - [DEBUG] - from com.jolbox.bonecp.PreparedStatementHandle in play-akka.actor.default-dispatcher-12 
select t0.id c0, t0.mac c1, t0.version c2, t0.type c3 from device t0

2015-05-16 16:38:33,510 - [ERROR] - from application in New I/O worker #5 


! @6m6l0gp6j - Internal server error, for (GET) [/query/cushion] ->

play.PlayExceptions$RoutesCompilationException: Compilation error[`)' expected but `i' found]
	at play.PlaySourceGenerators$$anonfun$1.apply(PlaySourceGenerators.scala:24) ~[na:na]
	at play.PlaySourceGenerators$$anonfun$1.apply(PlaySourceGenerators.scala:12) ~[na:na]
	at play.PlaySettings$$anonfun$defaultSettings$29.apply(PlaySettings.scala:119) ~[na:na]
	at play.PlaySettings$$anonfun$defaultSettings$29.apply(PlaySettings.scala:119) ~[na:na]
	at scala.Function7$$anonfun$tupled$1.apply(Function7.scala:35) ~[scala-library-2.11.1.jar:na]
	at scala.Function7$$anonfun$tupled$1.apply(Function7.scala:34) ~[scala-library-2.11.1.jar:na]
	at scala.Function1$$anonfun$compose$1.apply(Function1.scala:47) ~[scala-library-2.11.1.jar:na]
	at sbt.$tilde$greater$$anonfun$$u2219$1.apply(TypeFunctions.scala:42) ~[na:na]
	at sbt.std.Transform$$anon$4.work(System.scala:64) ~[na:na]
	at sbt.Execute$$anonfun$submit$1$$anonfun$apply$1.apply(Execute.scala:237) ~[na:na]
	at sbt.Execute$$anonfun$submit$1$$anonfun$apply$1.apply(Execute.scala:237) ~[na:na]
	at sbt.ErrorHandling$.wideConvert(ErrorHandling.scala:18) ~[na:na]
	at sbt.Execute.work(Execute.scala:244) ~[na:na]
	at sbt.Execute$$anonfun$submit$1.apply(Execute.scala:237) ~[na:na]
	at sbt.Execute$$anonfun$submit$1.apply(Execute.scala:237) ~[na:na]
	at sbt.ConcurrentRestrictions$$anon$4$$anonfun$1.apply(ConcurrentRestrictions.scala:160) ~[na:na]
	at sbt.CompletionService$$anon$2.call(CompletionService.scala:30) ~[na:na]
	at java.util.concurrent.FutureTask$Sync.innerRun(Unknown Source) ~[na:1.7.0]
	at java.util.concurrent.FutureTask.run(Unknown Source) ~[na:1.7.0]
	at java.util.concurrent.Executors$RunnableAdapter.call(Unknown Source) ~[na:1.7.0]
	at java.util.concurrent.FutureTask$Sync.innerRun(Unknown Source) ~[na:1.7.0]
	at java.util.concurrent.FutureTask.run(Unknown Source) ~[na:1.7.0]
	at java.util.concurrent.ThreadPoolExecutor.runWorker(Unknown Source) [na:1.7.0]
	at java.util.concurrent.ThreadPoolExecutor$Worker.run(Unknown Source) [na:1.7.0]
	at java.lang.Thread.run(Unknown Source) [na:1.7.0]

2015-05-16 16:38:59,689 - [INFO] - from com.jolbox.bonecp.BoneCP in play-internal-execution-context-1 
Shutting down connection pool...

2015-05-16 16:38:59,690 - [DEBUG] - from com.jolbox.bonecp.PoolWatchThread in BoneCP-pool-watch-thread 
Terminating pool watch thread

2015-05-16 16:38:59,691 - [INFO] - from com.jolbox.bonecp.BoneCP in play-internal-execution-context-1 
Connection pool has been shutdown.

2015-05-16 16:38:59,691 - [DEBUG] - from com.jolbox.bonecp.BoneCPDataSource in play-internal-execution-context-1 
Connection pool has been shut down

2015-05-16 16:38:59,728 - [DEBUG] - from com.jolbox.bonecp.BoneCPDataSource in play-internal-execution-context-1 
JDBC URL = jdbc:mysql://127.0.0.1/icare, Username = root, partitions = 1, max (per partition) = 30, min (per partition) = 5, idle max age = 10 min, idle test period = 1 min, strategy = DEFAULT

2015-05-16 16:38:59,927 - [INFO] - from play in play-internal-execution-context-1 
database [default] connected at jdbc:mysql://127.0.0.1/icare

2015-05-16 16:38:59,992 - [DEBUG] - from com.jolbox.bonecp.StatementHandle in play-internal-execution-context-1 
select id, hash, apply_script, revert_script, state, last_problem from play_evolutions where state like 'applying_%'

2015-05-16 16:38:59,993 - [DEBUG] - from com.jolbox.bonecp.StatementHandle in play-internal-execution-context-1 

            select id, hash, apply_script, revert_script from play_evolutions order by id
        

2015-05-16 16:39:00,000 - [INFO] - from play in play-internal-execution-context-1 
Application started (Dev)

2015-05-16 16:39:06,123 - [DEBUG] - from application in play-akka.actor.default-dispatcher-13 
query: cushion id: 9

2015-05-16 16:39:06,126 - [DEBUG] - from com.jolbox.bonecp.PreparedStatementHandle in play-akka.actor.default-dispatcher-13 
select t0.id c0, t0.mac c1, t0.version c2, t0.type c3 from device t0

2015-05-16 16:42:25,910 - [INFO] - from com.jolbox.bonecp.BoneCP in play-internal-execution-context-1 
Shutting down connection pool...

2015-05-16 16:42:25,911 - [DEBUG] - from com.jolbox.bonecp.PoolWatchThread in BoneCP-pool-watch-thread 
Terminating pool watch thread

2015-05-16 16:42:25,912 - [INFO] - from com.jolbox.bonecp.BoneCP in play-internal-execution-context-1 
Connection pool has been shutdown.

2015-05-16 16:42:25,912 - [DEBUG] - from com.jolbox.bonecp.BoneCPDataSource in play-internal-execution-context-1 
Connection pool has been shut down

2015-05-16 16:42:25,942 - [DEBUG] - from com.jolbox.bonecp.BoneCPDataSource in play-internal-execution-context-1 
JDBC URL = jdbc:mysql://127.0.0.1/icare, Username = root, partitions = 1, max (per partition) = 30, min (per partition) = 5, idle max age = 10 min, idle test period = 1 min, strategy = DEFAULT

2015-05-16 16:42:26,046 - [INFO] - from play in play-internal-execution-context-1 
database [default] connected at jdbc:mysql://127.0.0.1/icare

2015-05-16 16:42:26,096 - [DEBUG] - from com.jolbox.bonecp.StatementHandle in play-internal-execution-context-1 
select id, hash, apply_script, revert_script, state, last_problem from play_evolutions where state like 'applying_%'

2015-05-16 16:42:26,097 - [DEBUG] - from com.jolbox.bonecp.StatementHandle in play-internal-execution-context-1 

            select id, hash, apply_script, revert_script from play_evolutions order by id
        

2015-05-16 16:42:26,102 - [INFO] - from play in play-internal-execution-context-1 
Application started (Dev)

2015-05-16 16:42:26,108 - [DEBUG] - from application in play-akka.actor.default-dispatcher-14 
query: cushion id: 2

2015-05-16 16:42:26,110 - [DEBUG] - from com.jolbox.bonecp.PreparedStatementHandle in play-akka.actor.default-dispatcher-14 
select t0.id c0, t0.mac c1, t0.version c2, t0.type c3 from device t0 where t0.id = 2  

2015-05-16 16:42:26,855 - [DEBUG] - from application in play-akka.actor.default-dispatcher-15 
query: cushion id: 2

2015-05-16 16:42:26,857 - [DEBUG] - from com.jolbox.bonecp.PreparedStatementHandle in play-akka.actor.default-dispatcher-15 
select t0.id c0, t0.mac c1, t0.version c2, t0.type c3 from device t0 where t0.id = 2  

2015-05-16 16:42:31,591 - [DEBUG] - from application in play-akka.actor.default-dispatcher-14 
query: cushion id: 1

2015-05-16 16:42:31,595 - [DEBUG] - from com.jolbox.bonecp.PreparedStatementHandle in play-akka.actor.default-dispatcher-14 
select t0.id c0, t0.mac c1, t0.version c2, t0.type c3 from device t0 where t0.id = 1  

2015-05-16 16:42:35,142 - [DEBUG] - from application in play-akka.actor.default-dispatcher-15 
query: cushion id: 0

2015-05-16 16:42:35,144 - [DEBUG] - from com.jolbox.bonecp.PreparedStatementHandle in play-akka.actor.default-dispatcher-15 
select t0.id c0, t0.mac c1, t0.version c2, t0.type c3 from device t0

2015-05-16 16:42:53,440 - [DEBUG] - from application in play-akka.actor.default-dispatcher-15 
query: cushion id: -5

2015-05-16 16:42:53,442 - [DEBUG] - from com.jolbox.bonecp.PreparedStatementHandle in play-akka.actor.default-dispatcher-15 
select t0.id c0, t0.mac c1, t0.version c2, t0.type c3 from device t0 where t0.id = -5  

2015-05-16 16:42:53,524 - [ERROR] - from play in play-akka.actor.default-dispatcher-15 
Cannot invoke the action, eventually got an error: java.lang.NullPointerException

2015-05-16 16:42:53,550 - [ERROR] - from application in play-akka.actor.default-dispatcher-15 


! @6m6l15kb2 - Internal server error, for (GET) [/query/cushion/-5] ->

play.api.Application$$anon$1: Execution exception[[NullPointerException: null]]
	at play.api.Application$class.handleError(Application.scala:296) ~[play_2.11-2.3.8.jar:2.3.8]
	at play.api.DefaultApplication.handleError(Application.scala:402) [play_2.11-2.3.8.jar:2.3.8]
	at play.core.server.netty.PlayDefaultUpstreamHandler$$anonfun$3$$anonfun$applyOrElse$4.apply(PlayDefaultUpstreamHandler.scala:320) [play_2.11-2.3.8.jar:2.3.8]
	at play.core.server.netty.PlayDefaultUpstreamHandler$$anonfun$3$$anonfun$applyOrElse$4.apply(PlayDefaultUpstreamHandler.scala:320) [play_2.11-2.3.8.jar:2.3.8]
	at scala.Option.map(Option.scala:145) [scala-library-2.11.1.jar:na]
	at play.core.server.netty.PlayDefaultUpstreamHandler$$anonfun$3.applyOrElse(PlayDefaultUpstreamHandler.scala:320) [play_2.11-2.3.8.jar:2.3.8]
	at play.core.server.netty.PlayDefaultUpstreamHandler$$anonfun$3.applyOrElse(PlayDefaultUpstreamHandler.scala:316) [play_2.11-2.3.8.jar:2.3.8]
	at scala.concurrent.Future$$anonfun$recoverWith$1.apply(Future.scala:344) [scala-library-2.11.1.jar:na]
	at scala.concurrent.Future$$anonfun$recoverWith$1.apply(Future.scala:343) [scala-library-2.11.1.jar:na]
	at scala.concurrent.impl.CallbackRunnable.run(Promise.scala:32) [scala-library-2.11.1.jar:na]
	at play.api.libs.iteratee.Execution$trampoline$.execute(Execution.scala:46) [play-iteratees_2.11-2.3.8.jar:2.3.8]
	at scala.concurrent.impl.CallbackRunnable.executeWithValue(Promise.scala:40) [scala-library-2.11.1.jar:na]
	at scala.concurrent.impl.Promise$DefaultPromise.tryComplete(Promise.scala:248) [scala-library-2.11.1.jar:na]
	at scala.concurrent.Promise$class.complete(Promise.scala:55) [scala-library-2.11.1.jar:na]
	at scala.concurrent.impl.Promise$DefaultPromise.complete(Promise.scala:153) [scala-library-2.11.1.jar:na]
	at scala.concurrent.impl.Future$PromiseCompletingRunnable.run(Future.scala:23) [scala-library-2.11.1.jar:na]
	at akka.dispatch.TaskInvocation.run(AbstractDispatcher.scala:41) [akka-actor_2.11-2.3.4.jar:na]
	at akka.dispatch.ForkJoinExecutorConfigurator$AkkaForkJoinTask.exec(AbstractDispatcher.scala:393) [akka-actor_2.11-2.3.4.jar:na]
	at scala.concurrent.forkjoin.ForkJoinTask.doExec(ForkJoinTask.java:260) [scala-library-2.11.1.jar:na]
	at scala.concurrent.forkjoin.ForkJoinPool$WorkQueue.runTask(ForkJoinPool.java:1339) [scala-library-2.11.1.jar:na]
	at scala.concurrent.forkjoin.ForkJoinPool.runWorker(ForkJoinPool.java:1979) [scala-library-2.11.1.jar:na]
	at scala.concurrent.forkjoin.ForkJoinWorkerThread.run(ForkJoinWorkerThread.java:107) [scala-library-2.11.1.jar:na]
Caused by: java.lang.NullPointerException: null
	at controllers.Application.query(Application.java:55) ~[classes/:na]
	at Routes$$anonfun$routes$1$$anonfun$applyOrElse$2$$anonfun$apply$2.apply(routes_routing.scala:74) ~[classes/:na]
	at Routes$$anonfun$routes$1$$anonfun$applyOrElse$2$$anonfun$apply$2.apply(routes_routing.scala:74) ~[classes/:na]
	at play.core.Router$HandlerInvokerFactory$$anon$4.resultCall(Router.scala:264) ~[play_2.11-2.3.8.jar:2.3.8]
	at play.core.Router$HandlerInvokerFactory$JavaActionInvokerFactory$$anon$15$$anon$1.invocation(Router.scala:255) ~[play_2.11-2.3.8.jar:2.3.8]
	at play.core.j.JavaAction$$anon$1.call(JavaAction.scala:55) ~[play_2.11-2.3.8.jar:2.3.8]
	at play.core.j.JavaAction$$anonfun$11.apply(JavaAction.scala:82) ~[play_2.11-2.3.8.jar:2.3.8]
	at play.core.j.JavaAction$$anonfun$11.apply(JavaAction.scala:82) ~[play_2.11-2.3.8.jar:2.3.8]
	at scala.concurrent.impl.Future$PromiseCompletingRunnable.liftedTree1$1(Future.scala:24) [scala-library-2.11.1.jar:na]
	at scala.concurrent.impl.Future$PromiseCompletingRunnable.run(Future.scala:24) [scala-library-2.11.1.jar:na]
	at play.core.j.HttpExecutionContext$$anon$2.run(HttpExecutionContext.scala:40) ~[play_2.11-2.3.8.jar:2.3.8]
	at play.api.libs.iteratee.Execution$trampoline$.execute(Execution.scala:46) [play-iteratees_2.11-2.3.8.jar:2.3.8]
	at play.core.j.HttpExecutionContext.execute(HttpExecutionContext.scala:32) ~[play_2.11-2.3.8.jar:2.3.8]
	at scala.concurrent.impl.Future$.apply(Future.scala:31) ~[scala-library-2.11.1.jar:na]
	at scala.concurrent.Future$.apply(Future.scala:492) ~[scala-library-2.11.1.jar:na]
	at play.core.j.JavaAction$class.apply(JavaAction.scala:82) ~[play_2.11-2.3.8.jar:2.3.8]
	at play.core.Router$HandlerInvokerFactory$JavaActionInvokerFactory$$anon$15$$anon$1.apply(Router.scala:252) ~[play_2.11-2.3.8.jar:2.3.8]
	at play.api.mvc.Action$$anonfun$apply$1$$anonfun$apply$4$$anonfun$apply$5.apply(Action.scala:130) ~[play_2.11-2.3.8.jar:2.3.8]
	at play.api.mvc.Action$$anonfun$apply$1$$anonfun$apply$4$$anonfun$apply$5.apply(Action.scala:130) ~[play_2.11-2.3.8.jar:2.3.8]
	at play.utils.Threads$.withContextClassLoader(Threads.scala:21) ~[play_2.11-2.3.8.jar:2.3.8]
	at play.api.mvc.Action$$anonfun$apply$1$$anonfun$apply$4.apply(Action.scala:129) ~[play_2.11-2.3.8.jar:2.3.8]
	at play.api.mvc.Action$$anonfun$apply$1$$anonfun$apply$4.apply(Action.scala:128) ~[play_2.11-2.3.8.jar:2.3.8]
	at scala.Option.map(Option.scala:145) [scala-library-2.11.1.jar:na]
	at play.api.mvc.Action$$anonfun$apply$1.apply(Action.scala:128) ~[play_2.11-2.3.8.jar:2.3.8]
	at play.api.mvc.Action$$anonfun$apply$1.apply(Action.scala:121) ~[play_2.11-2.3.8.jar:2.3.8]
	at play.api.libs.iteratee.Iteratee$$anonfun$mapM$1.apply(Iteratee.scala:483) ~[play-iteratees_2.11-2.3.8.jar:2.3.8]
	at play.api.libs.iteratee.Iteratee$$anonfun$mapM$1.apply(Iteratee.scala:483) ~[play-iteratees_2.11-2.3.8.jar:2.3.8]
	at play.api.libs.iteratee.Iteratee$$anonfun$flatMapM$1.apply(Iteratee.scala:519) ~[play-iteratees_2.11-2.3.8.jar:2.3.8]
	at play.api.libs.iteratee.Iteratee$$anonfun$flatMapM$1.apply(Iteratee.scala:519) ~[play-iteratees_2.11-2.3.8.jar:2.3.8]
	at play.api.libs.iteratee.Iteratee$$anonfun$flatMap$1$$anonfun$apply$14.apply(Iteratee.scala:496) ~[play-iteratees_2.11-2.3.8.jar:2.3.8]
	at play.api.libs.iteratee.Iteratee$$anonfun$flatMap$1$$anonfun$apply$14.apply(Iteratee.scala:496) ~[play-iteratees_2.11-2.3.8.jar:2.3.8]
	at scala.concurrent.impl.Future$PromiseCompletingRunnable.liftedTree1$1(Future.scala:24) [scala-library-2.11.1.jar:na]
	at scala.concurrent.impl.Future$PromiseCompletingRunnable.run(Future.scala:24) [scala-library-2.11.1.jar:na]
	... 6 common frames omitted

2015-05-16 16:43:27,307 - [DEBUG] - from application in play-akka.actor.default-dispatcher-14 
query: cushion id: 9

2015-05-16 16:43:27,309 - [DEBUG] - from com.jolbox.bonecp.PreparedStatementHandle in play-akka.actor.default-dispatcher-14 
select t0.id c0, t0.mac c1, t0.version c2, t0.type c3 from device t0 where t0.id = 9  

2015-05-16 16:43:27,340 - [ERROR] - from play in play-akka.actor.default-dispatcher-14 
Cannot invoke the action, eventually got an error: java.lang.NullPointerException

2015-05-16 16:43:27,342 - [ERROR] - from application in play-akka.actor.default-dispatcher-14 


! @6m6l17ib0 - Internal server error, for (GET) [/query/cushion/9] ->

play.api.Application$$anon$1: Execution exception[[NullPointerException: null]]
	at play.api.Application$class.handleError(Application.scala:296) ~[play_2.11-2.3.8.jar:2.3.8]
	at play.api.DefaultApplication.handleError(Application.scala:402) [play_2.11-2.3.8.jar:2.3.8]
	at play.core.server.netty.PlayDefaultUpstreamHandler$$anonfun$3$$anonfun$applyOrElse$4.apply(PlayDefaultUpstreamHandler.scala:320) [play_2.11-2.3.8.jar:2.3.8]
	at play.core.server.netty.PlayDefaultUpstreamHandler$$anonfun$3$$anonfun$applyOrElse$4.apply(PlayDefaultUpstreamHandler.scala:320) [play_2.11-2.3.8.jar:2.3.8]
	at scala.Option.map(Option.scala:145) [scala-library-2.11.1.jar:na]
	at play.core.server.netty.PlayDefaultUpstreamHandler$$anonfun$3.applyOrElse(PlayDefaultUpstreamHandler.scala:320) [play_2.11-2.3.8.jar:2.3.8]
	at play.core.server.netty.PlayDefaultUpstreamHandler$$anonfun$3.applyOrElse(PlayDefaultUpstreamHandler.scala:316) [play_2.11-2.3.8.jar:2.3.8]
	at scala.concurrent.Future$$anonfun$recoverWith$1.apply(Future.scala:344) [scala-library-2.11.1.jar:na]
	at scala.concurrent.Future$$anonfun$recoverWith$1.apply(Future.scala:343) [scala-library-2.11.1.jar:na]
	at scala.concurrent.impl.CallbackRunnable.run(Promise.scala:32) [scala-library-2.11.1.jar:na]
	at play.api.libs.iteratee.Execution$trampoline$.execute(Execution.scala:46) [play-iteratees_2.11-2.3.8.jar:2.3.8]
	at scala.concurrent.impl.CallbackRunnable.executeWithValue(Promise.scala:40) [scala-library-2.11.1.jar:na]
	at scala.concurrent.impl.Promise$DefaultPromise.tryComplete(Promise.scala:248) [scala-library-2.11.1.jar:na]
	at scala.concurrent.Promise$class.complete(Promise.scala:55) [scala-library-2.11.1.jar:na]
	at scala.concurrent.impl.Promise$DefaultPromise.complete(Promise.scala:153) [scala-library-2.11.1.jar:na]
	at scala.concurrent.impl.Future$PromiseCompletingRunnable.run(Future.scala:23) [scala-library-2.11.1.jar:na]
	at akka.dispatch.TaskInvocation.run(AbstractDispatcher.scala:41) [akka-actor_2.11-2.3.4.jar:na]
	at akka.dispatch.ForkJoinExecutorConfigurator$AkkaForkJoinTask.exec(AbstractDispatcher.scala:393) [akka-actor_2.11-2.3.4.jar:na]
	at scala.concurrent.forkjoin.ForkJoinTask.doExec(ForkJoinTask.java:260) [scala-library-2.11.1.jar:na]
	at scala.concurrent.forkjoin.ForkJoinPool$WorkQueue.runTask(ForkJoinPool.java:1339) [scala-library-2.11.1.jar:na]
	at scala.concurrent.forkjoin.ForkJoinPool.runWorker(ForkJoinPool.java:1979) [scala-library-2.11.1.jar:na]
	at scala.concurrent.forkjoin.ForkJoinWorkerThread.run(ForkJoinWorkerThread.java:107) [scala-library-2.11.1.jar:na]
Caused by: java.lang.NullPointerException: null
	at controllers.Application.query(Application.java:55) ~[classes/:na]
	at Routes$$anonfun$routes$1$$anonfun$applyOrElse$2$$anonfun$apply$2.apply(routes_routing.scala:74) ~[classes/:na]
	at Routes$$anonfun$routes$1$$anonfun$applyOrElse$2$$anonfun$apply$2.apply(routes_routing.scala:74) ~[classes/:na]
	at play.core.Router$HandlerInvokerFactory$$anon$4.resultCall(Router.scala:264) ~[play_2.11-2.3.8.jar:2.3.8]
	at play.core.Router$HandlerInvokerFactory$JavaActionInvokerFactory$$anon$15$$anon$1.invocation(Router.scala:255) ~[play_2.11-2.3.8.jar:2.3.8]
	at play.core.j.JavaAction$$anon$1.call(JavaAction.scala:55) ~[play_2.11-2.3.8.jar:2.3.8]
	at play.core.j.JavaAction$$anonfun$11.apply(JavaAction.scala:82) ~[play_2.11-2.3.8.jar:2.3.8]
	at play.core.j.JavaAction$$anonfun$11.apply(JavaAction.scala:82) ~[play_2.11-2.3.8.jar:2.3.8]
	at scala.concurrent.impl.Future$PromiseCompletingRunnable.liftedTree1$1(Future.scala:24) [scala-library-2.11.1.jar:na]
	at scala.concurrent.impl.Future$PromiseCompletingRunnable.run(Future.scala:24) [scala-library-2.11.1.jar:na]
	at play.core.j.HttpExecutionContext$$anon$2.run(HttpExecutionContext.scala:40) ~[play_2.11-2.3.8.jar:2.3.8]
	at play.api.libs.iteratee.Execution$trampoline$.execute(Execution.scala:46) [play-iteratees_2.11-2.3.8.jar:2.3.8]
	at play.core.j.HttpExecutionContext.execute(HttpExecutionContext.scala:32) ~[play_2.11-2.3.8.jar:2.3.8]
	at scala.concurrent.impl.Future$.apply(Future.scala:31) ~[scala-library-2.11.1.jar:na]
	at scala.concurrent.Future$.apply(Future.scala:492) ~[scala-library-2.11.1.jar:na]
	at play.core.j.JavaAction$class.apply(JavaAction.scala:82) ~[play_2.11-2.3.8.jar:2.3.8]
	at play.core.Router$HandlerInvokerFactory$JavaActionInvokerFactory$$anon$15$$anon$1.apply(Router.scala:252) ~[play_2.11-2.3.8.jar:2.3.8]
	at play.api.mvc.Action$$anonfun$apply$1$$anonfun$apply$4$$anonfun$apply$5.apply(Action.scala:130) ~[play_2.11-2.3.8.jar:2.3.8]
	at play.api.mvc.Action$$anonfun$apply$1$$anonfun$apply$4$$anonfun$apply$5.apply(Action.scala:130) ~[play_2.11-2.3.8.jar:2.3.8]
	at play.utils.Threads$.withContextClassLoader(Threads.scala:21) ~[play_2.11-2.3.8.jar:2.3.8]
	at play.api.mvc.Action$$anonfun$apply$1$$anonfun$apply$4.apply(Action.scala:129) ~[play_2.11-2.3.8.jar:2.3.8]
	at play.api.mvc.Action$$anonfun$apply$1$$anonfun$apply$4.apply(Action.scala:128) ~[play_2.11-2.3.8.jar:2.3.8]
	at scala.Option.map(Option.scala:145) [scala-library-2.11.1.jar:na]
	at play.api.mvc.Action$$anonfun$apply$1.apply(Action.scala:128) ~[play_2.11-2.3.8.jar:2.3.8]
	at play.api.mvc.Action$$anonfun$apply$1.apply(Action.scala:121) ~[play_2.11-2.3.8.jar:2.3.8]
	at play.api.libs.iteratee.Iteratee$$anonfun$mapM$1.apply(Iteratee.scala:483) ~[play-iteratees_2.11-2.3.8.jar:2.3.8]
	at play.api.libs.iteratee.Iteratee$$anonfun$mapM$1.apply(Iteratee.scala:483) ~[play-iteratees_2.11-2.3.8.jar:2.3.8]
	at play.api.libs.iteratee.Iteratee$$anonfun$flatMapM$1.apply(Iteratee.scala:519) ~[play-iteratees_2.11-2.3.8.jar:2.3.8]
	at play.api.libs.iteratee.Iteratee$$anonfun$flatMapM$1.apply(Iteratee.scala:519) ~[play-iteratees_2.11-2.3.8.jar:2.3.8]
	at play.api.libs.iteratee.Iteratee$$anonfun$flatMap$1$$anonfun$apply$14.apply(Iteratee.scala:496) ~[play-iteratees_2.11-2.3.8.jar:2.3.8]
	at play.api.libs.iteratee.Iteratee$$anonfun$flatMap$1$$anonfun$apply$14.apply(Iteratee.scala:496) ~[play-iteratees_2.11-2.3.8.jar:2.3.8]
	at scala.concurrent.impl.Future$PromiseCompletingRunnable.liftedTree1$1(Future.scala:24) [scala-library-2.11.1.jar:na]
	at scala.concurrent.impl.Future$PromiseCompletingRunnable.run(Future.scala:24) [scala-library-2.11.1.jar:na]
	... 6 common frames omitted

2015-05-16 16:43:30,072 - [DEBUG] - from application in play-akka.actor.default-dispatcher-16 
query: cushion id: 2

2015-05-16 16:43:30,073 - [DEBUG] - from com.jolbox.bonecp.PreparedStatementHandle in play-akka.actor.default-dispatcher-16 
select t0.id c0, t0.mac c1, t0.version c2, t0.type c3 from device t0 where t0.id = 2  

2015-05-16 16:43:33,412 - [DEBUG] - from application in play-akka.actor.default-dispatcher-14 
query: cushion id: 9

2015-05-16 16:43:33,415 - [DEBUG] - from com.jolbox.bonecp.PreparedStatementHandle in play-akka.actor.default-dispatcher-14 
select t0.id c0, t0.mac c1, t0.version c2, t0.type c3 from device t0 where t0.id = 9  

2015-05-16 16:43:33,419 - [ERROR] - from play in play-akka.actor.default-dispatcher-14 
Cannot invoke the action, eventually got an error: java.lang.NullPointerException

2015-05-16 16:43:33,424 - [ERROR] - from application in play-akka.actor.default-dispatcher-14 


! @6m6l181an - Internal server error, for (GET) [/query/cushion/9] ->

play.api.Application$$anon$1: Execution exception[[NullPointerException: null]]
	at play.api.Application$class.handleError(Application.scala:296) ~[play_2.11-2.3.8.jar:2.3.8]
	at play.api.DefaultApplication.handleError(Application.scala:402) [play_2.11-2.3.8.jar:2.3.8]
	at play.core.server.netty.PlayDefaultUpstreamHandler$$anonfun$3$$anonfun$applyOrElse$4.apply(PlayDefaultUpstreamHandler.scala:320) [play_2.11-2.3.8.jar:2.3.8]
	at play.core.server.netty.PlayDefaultUpstreamHandler$$anonfun$3$$anonfun$applyOrElse$4.apply(PlayDefaultUpstreamHandler.scala:320) [play_2.11-2.3.8.jar:2.3.8]
	at scala.Option.map(Option.scala:145) [scala-library-2.11.1.jar:na]
	at play.core.server.netty.PlayDefaultUpstreamHandler$$anonfun$3.applyOrElse(PlayDefaultUpstreamHandler.scala:320) [play_2.11-2.3.8.jar:2.3.8]
	at play.core.server.netty.PlayDefaultUpstreamHandler$$anonfun$3.applyOrElse(PlayDefaultUpstreamHandler.scala:316) [play_2.11-2.3.8.jar:2.3.8]
	at scala.concurrent.Future$$anonfun$recoverWith$1.apply(Future.scala:344) [scala-library-2.11.1.jar:na]
	at scala.concurrent.Future$$anonfun$recoverWith$1.apply(Future.scala:343) [scala-library-2.11.1.jar:na]
	at scala.concurrent.impl.CallbackRunnable.run(Promise.scala:32) [scala-library-2.11.1.jar:na]
	at play.api.libs.iteratee.Execution$trampoline$.execute(Execution.scala:46) [play-iteratees_2.11-2.3.8.jar:2.3.8]
	at scala.concurrent.impl.CallbackRunnable.executeWithValue(Promise.scala:40) [scala-library-2.11.1.jar:na]
	at scala.concurrent.impl.Promise$DefaultPromise.tryComplete(Promise.scala:248) [scala-library-2.11.1.jar:na]
	at scala.concurrent.Promise$class.complete(Promise.scala:55) [scala-library-2.11.1.jar:na]
	at scala.concurrent.impl.Promise$DefaultPromise.complete(Promise.scala:153) [scala-library-2.11.1.jar:na]
	at scala.concurrent.impl.Future$PromiseCompletingRunnable.run(Future.scala:23) [scala-library-2.11.1.jar:na]
	at akka.dispatch.TaskInvocation.run(AbstractDispatcher.scala:41) [akka-actor_2.11-2.3.4.jar:na]
	at akka.dispatch.ForkJoinExecutorConfigurator$AkkaForkJoinTask.exec(AbstractDispatcher.scala:393) [akka-actor_2.11-2.3.4.jar:na]
	at scala.concurrent.forkjoin.ForkJoinTask.doExec(ForkJoinTask.java:260) [scala-library-2.11.1.jar:na]
	at scala.concurrent.forkjoin.ForkJoinPool$WorkQueue.runTask(ForkJoinPool.java:1339) [scala-library-2.11.1.jar:na]
	at scala.concurrent.forkjoin.ForkJoinPool.runWorker(ForkJoinPool.java:1979) [scala-library-2.11.1.jar:na]
	at scala.concurrent.forkjoin.ForkJoinWorkerThread.run(ForkJoinWorkerThread.java:107) [scala-library-2.11.1.jar:na]
Caused by: java.lang.NullPointerException: null
	at controllers.Application.query(Application.java:55) ~[classes/:na]
	at Routes$$anonfun$routes$1$$anonfun$applyOrElse$2$$anonfun$apply$2.apply(routes_routing.scala:74) ~[classes/:na]
	at Routes$$anonfun$routes$1$$anonfun$applyOrElse$2$$anonfun$apply$2.apply(routes_routing.scala:74) ~[classes/:na]
	at play.core.Router$HandlerInvokerFactory$$anon$4.resultCall(Router.scala:264) ~[play_2.11-2.3.8.jar:2.3.8]
	at play.core.Router$HandlerInvokerFactory$JavaActionInvokerFactory$$anon$15$$anon$1.invocation(Router.scala:255) ~[play_2.11-2.3.8.jar:2.3.8]
	at play.core.j.JavaAction$$anon$1.call(JavaAction.scala:55) ~[play_2.11-2.3.8.jar:2.3.8]
	at play.core.j.JavaAction$$anonfun$11.apply(JavaAction.scala:82) ~[play_2.11-2.3.8.jar:2.3.8]
	at play.core.j.JavaAction$$anonfun$11.apply(JavaAction.scala:82) ~[play_2.11-2.3.8.jar:2.3.8]
	at scala.concurrent.impl.Future$PromiseCompletingRunnable.liftedTree1$1(Future.scala:24) [scala-library-2.11.1.jar:na]
	at scala.concurrent.impl.Future$PromiseCompletingRunnable.run(Future.scala:24) [scala-library-2.11.1.jar:na]
	at play.core.j.HttpExecutionContext$$anon$2.run(HttpExecutionContext.scala:40) ~[play_2.11-2.3.8.jar:2.3.8]
	at play.api.libs.iteratee.Execution$trampoline$.execute(Execution.scala:46) [play-iteratees_2.11-2.3.8.jar:2.3.8]
	at play.core.j.HttpExecutionContext.execute(HttpExecutionContext.scala:32) ~[play_2.11-2.3.8.jar:2.3.8]
	at scala.concurrent.impl.Future$.apply(Future.scala:31) ~[scala-library-2.11.1.jar:na]
	at scala.concurrent.Future$.apply(Future.scala:492) ~[scala-library-2.11.1.jar:na]
	at play.core.j.JavaAction$class.apply(JavaAction.scala:82) ~[play_2.11-2.3.8.jar:2.3.8]
	at play.core.Router$HandlerInvokerFactory$JavaActionInvokerFactory$$anon$15$$anon$1.apply(Router.scala:252) ~[play_2.11-2.3.8.jar:2.3.8]
	at play.api.mvc.Action$$anonfun$apply$1$$anonfun$apply$4$$anonfun$apply$5.apply(Action.scala:130) ~[play_2.11-2.3.8.jar:2.3.8]
	at play.api.mvc.Action$$anonfun$apply$1$$anonfun$apply$4$$anonfun$apply$5.apply(Action.scala:130) ~[play_2.11-2.3.8.jar:2.3.8]
	at play.utils.Threads$.withContextClassLoader(Threads.scala:21) ~[play_2.11-2.3.8.jar:2.3.8]
	at play.api.mvc.Action$$anonfun$apply$1$$anonfun$apply$4.apply(Action.scala:129) ~[play_2.11-2.3.8.jar:2.3.8]
	at play.api.mvc.Action$$anonfun$apply$1$$anonfun$apply$4.apply(Action.scala:128) ~[play_2.11-2.3.8.jar:2.3.8]
	at scala.Option.map(Option.scala:145) [scala-library-2.11.1.jar:na]
	at play.api.mvc.Action$$anonfun$apply$1.apply(Action.scala:128) ~[play_2.11-2.3.8.jar:2.3.8]
	at play.api.mvc.Action$$anonfun$apply$1.apply(Action.scala:121) ~[play_2.11-2.3.8.jar:2.3.8]
	at play.api.libs.iteratee.Iteratee$$anonfun$mapM$1.apply(Iteratee.scala:483) ~[play-iteratees_2.11-2.3.8.jar:2.3.8]
	at play.api.libs.iteratee.Iteratee$$anonfun$mapM$1.apply(Iteratee.scala:483) ~[play-iteratees_2.11-2.3.8.jar:2.3.8]
	at play.api.libs.iteratee.Iteratee$$anonfun$flatMapM$1.apply(Iteratee.scala:519) ~[play-iteratees_2.11-2.3.8.jar:2.3.8]
	at play.api.libs.iteratee.Iteratee$$anonfun$flatMapM$1.apply(Iteratee.scala:519) ~[play-iteratees_2.11-2.3.8.jar:2.3.8]
	at play.api.libs.iteratee.Iteratee$$anonfun$flatMap$1$$anonfun$apply$14.apply(Iteratee.scala:496) ~[play-iteratees_2.11-2.3.8.jar:2.3.8]
	at play.api.libs.iteratee.Iteratee$$anonfun$flatMap$1$$anonfun$apply$14.apply(Iteratee.scala:496) ~[play-iteratees_2.11-2.3.8.jar:2.3.8]
	at scala.concurrent.impl.Future$PromiseCompletingRunnable.liftedTree1$1(Future.scala:24) [scala-library-2.11.1.jar:na]
	at scala.concurrent.impl.Future$PromiseCompletingRunnable.run(Future.scala:24) [scala-library-2.11.1.jar:na]
	... 6 common frames omitted

2015-05-16 16:43:36,877 - [DEBUG] - from application in play-akka.actor.default-dispatcher-14 
query: cushion id: 2

2015-05-16 16:43:36,878 - [DEBUG] - from com.jolbox.bonecp.PreparedStatementHandle in play-akka.actor.default-dispatcher-14 
select t0.id c0, t0.mac c1, t0.version c2, t0.type c3 from device t0 where t0.id = 2  

2015-05-16 16:48:18,022 - [DEBUG] - from application in play-akka.actor.default-dispatcher-16 
query: cushion id: 9

2015-05-16 16:48:18,024 - [DEBUG] - from com.jolbox.bonecp.PreparedStatementHandle in play-akka.actor.default-dispatcher-16 
select t0.id c0, t0.mac c1, t0.version c2, t0.type c3 from device t0 where t0.id = 9  

2015-05-16 16:48:18,026 - [ERROR] - from play in play-akka.actor.default-dispatcher-16 
Cannot invoke the action, eventually got an error: java.lang.NullPointerException

2015-05-16 16:48:18,030 - [ERROR] - from application in play-akka.actor.default-dispatcher-16 


! @6m6l1o6b6 - Internal server error, for (GET) [/query/cushion/9] ->

play.api.Application$$anon$1: Execution exception[[NullPointerException: null]]
	at play.api.Application$class.handleError(Application.scala:296) ~[play_2.11-2.3.8.jar:2.3.8]
	at play.api.DefaultApplication.handleError(Application.scala:402) [play_2.11-2.3.8.jar:2.3.8]
	at play.core.server.netty.PlayDefaultUpstreamHandler$$anonfun$3$$anonfun$applyOrElse$4.apply(PlayDefaultUpstreamHandler.scala:320) [play_2.11-2.3.8.jar:2.3.8]
	at play.core.server.netty.PlayDefaultUpstreamHandler$$anonfun$3$$anonfun$applyOrElse$4.apply(PlayDefaultUpstreamHandler.scala:320) [play_2.11-2.3.8.jar:2.3.8]
	at scala.Option.map(Option.scala:145) [scala-library-2.11.1.jar:na]
	at play.core.server.netty.PlayDefaultUpstreamHandler$$anonfun$3.applyOrElse(PlayDefaultUpstreamHandler.scala:320) [play_2.11-2.3.8.jar:2.3.8]
	at play.core.server.netty.PlayDefaultUpstreamHandler$$anonfun$3.applyOrElse(PlayDefaultUpstreamHandler.scala:316) [play_2.11-2.3.8.jar:2.3.8]
	at scala.concurrent.Future$$anonfun$recoverWith$1.apply(Future.scala:344) [scala-library-2.11.1.jar:na]
	at scala.concurrent.Future$$anonfun$recoverWith$1.apply(Future.scala:343) [scala-library-2.11.1.jar:na]
	at scala.concurrent.impl.CallbackRunnable.run(Promise.scala:32) [scala-library-2.11.1.jar:na]
	at play.api.libs.iteratee.Execution$trampoline$.execute(Execution.scala:46) [play-iteratees_2.11-2.3.8.jar:2.3.8]
	at scala.concurrent.impl.CallbackRunnable.executeWithValue(Promise.scala:40) [scala-library-2.11.1.jar:na]
	at scala.concurrent.impl.Promise$DefaultPromise.tryComplete(Promise.scala:248) [scala-library-2.11.1.jar:na]
	at scala.concurrent.Promise$class.complete(Promise.scala:55) [scala-library-2.11.1.jar:na]
	at scala.concurrent.impl.Promise$DefaultPromise.complete(Promise.scala:153) [scala-library-2.11.1.jar:na]
	at scala.concurrent.impl.Future$PromiseCompletingRunnable.run(Future.scala:23) [scala-library-2.11.1.jar:na]
	at akka.dispatch.TaskInvocation.run(AbstractDispatcher.scala:41) [akka-actor_2.11-2.3.4.jar:na]
	at akka.dispatch.ForkJoinExecutorConfigurator$AkkaForkJoinTask.exec(AbstractDispatcher.scala:393) [akka-actor_2.11-2.3.4.jar:na]
	at scala.concurrent.forkjoin.ForkJoinTask.doExec(ForkJoinTask.java:260) [scala-library-2.11.1.jar:na]
	at scala.concurrent.forkjoin.ForkJoinPool$WorkQueue.runTask(ForkJoinPool.java:1339) [scala-library-2.11.1.jar:na]
	at scala.concurrent.forkjoin.ForkJoinPool.runWorker(ForkJoinPool.java:1979) [scala-library-2.11.1.jar:na]
	at scala.concurrent.forkjoin.ForkJoinWorkerThread.run(ForkJoinWorkerThread.java:107) [scala-library-2.11.1.jar:na]
Caused by: java.lang.NullPointerException: null
	at controllers.Application.query(Application.java:55) ~[classes/:na]
	at Routes$$anonfun$routes$1$$anonfun$applyOrElse$2$$anonfun$apply$2.apply(routes_routing.scala:74) ~[classes/:na]
	at Routes$$anonfun$routes$1$$anonfun$applyOrElse$2$$anonfun$apply$2.apply(routes_routing.scala:74) ~[classes/:na]
	at play.core.Router$HandlerInvokerFactory$$anon$4.resultCall(Router.scala:264) ~[play_2.11-2.3.8.jar:2.3.8]
	at play.core.Router$HandlerInvokerFactory$JavaActionInvokerFactory$$anon$15$$anon$1.invocation(Router.scala:255) ~[play_2.11-2.3.8.jar:2.3.8]
	at play.core.j.JavaAction$$anon$1.call(JavaAction.scala:55) ~[play_2.11-2.3.8.jar:2.3.8]
	at play.core.j.JavaAction$$anonfun$11.apply(JavaAction.scala:82) ~[play_2.11-2.3.8.jar:2.3.8]
	at play.core.j.JavaAction$$anonfun$11.apply(JavaAction.scala:82) ~[play_2.11-2.3.8.jar:2.3.8]
	at scala.concurrent.impl.Future$PromiseCompletingRunnable.liftedTree1$1(Future.scala:24) [scala-library-2.11.1.jar:na]
	at scala.concurrent.impl.Future$PromiseCompletingRunnable.run(Future.scala:24) [scala-library-2.11.1.jar:na]
	at play.core.j.HttpExecutionContext$$anon$2.run(HttpExecutionContext.scala:40) ~[play_2.11-2.3.8.jar:2.3.8]
	at play.api.libs.iteratee.Execution$trampoline$.execute(Execution.scala:46) [play-iteratees_2.11-2.3.8.jar:2.3.8]
	at play.core.j.HttpExecutionContext.execute(HttpExecutionContext.scala:32) ~[play_2.11-2.3.8.jar:2.3.8]
	at scala.concurrent.impl.Future$.apply(Future.scala:31) ~[scala-library-2.11.1.jar:na]
	at scala.concurrent.Future$.apply(Future.scala:492) ~[scala-library-2.11.1.jar:na]
	at play.core.j.JavaAction$class.apply(JavaAction.scala:82) ~[play_2.11-2.3.8.jar:2.3.8]
	at play.core.Router$HandlerInvokerFactory$JavaActionInvokerFactory$$anon$15$$anon$1.apply(Router.scala:252) ~[play_2.11-2.3.8.jar:2.3.8]
	at play.api.mvc.Action$$anonfun$apply$1$$anonfun$apply$4$$anonfun$apply$5.apply(Action.scala:130) ~[play_2.11-2.3.8.jar:2.3.8]
	at play.api.mvc.Action$$anonfun$apply$1$$anonfun$apply$4$$anonfun$apply$5.apply(Action.scala:130) ~[play_2.11-2.3.8.jar:2.3.8]
	at play.utils.Threads$.withContextClassLoader(Threads.scala:21) ~[play_2.11-2.3.8.jar:2.3.8]
	at play.api.mvc.Action$$anonfun$apply$1$$anonfun$apply$4.apply(Action.scala:129) ~[play_2.11-2.3.8.jar:2.3.8]
	at play.api.mvc.Action$$anonfun$apply$1$$anonfun$apply$4.apply(Action.scala:128) ~[play_2.11-2.3.8.jar:2.3.8]
	at scala.Option.map(Option.scala:145) [scala-library-2.11.1.jar:na]
	at play.api.mvc.Action$$anonfun$apply$1.apply(Action.scala:128) ~[play_2.11-2.3.8.jar:2.3.8]
	at play.api.mvc.Action$$anonfun$apply$1.apply(Action.scala:121) ~[play_2.11-2.3.8.jar:2.3.8]
	at play.api.libs.iteratee.Iteratee$$anonfun$mapM$1.apply(Iteratee.scala:483) ~[play-iteratees_2.11-2.3.8.jar:2.3.8]
	at play.api.libs.iteratee.Iteratee$$anonfun$mapM$1.apply(Iteratee.scala:483) ~[play-iteratees_2.11-2.3.8.jar:2.3.8]
	at play.api.libs.iteratee.Iteratee$$anonfun$flatMapM$1.apply(Iteratee.scala:519) ~[play-iteratees_2.11-2.3.8.jar:2.3.8]
	at play.api.libs.iteratee.Iteratee$$anonfun$flatMapM$1.apply(Iteratee.scala:519) ~[play-iteratees_2.11-2.3.8.jar:2.3.8]
	at play.api.libs.iteratee.Iteratee$$anonfun$flatMap$1$$anonfun$apply$14.apply(Iteratee.scala:496) ~[play-iteratees_2.11-2.3.8.jar:2.3.8]
	at play.api.libs.iteratee.Iteratee$$anonfun$flatMap$1$$anonfun$apply$14.apply(Iteratee.scala:496) ~[play-iteratees_2.11-2.3.8.jar:2.3.8]
	at scala.concurrent.impl.Future$PromiseCompletingRunnable.liftedTree1$1(Future.scala:24) [scala-library-2.11.1.jar:na]
	at scala.concurrent.impl.Future$PromiseCompletingRunnable.run(Future.scala:24) [scala-library-2.11.1.jar:na]
	... 6 common frames omitted

2015-05-16 16:49:57,600 - [INFO] - from com.jolbox.bonecp.BoneCP in play-internal-execution-context-1 
Shutting down connection pool...

2015-05-16 16:49:57,601 - [DEBUG] - from com.jolbox.bonecp.PoolWatchThread in BoneCP-pool-watch-thread 
Terminating pool watch thread

2015-05-16 16:49:57,602 - [INFO] - from com.jolbox.bonecp.BoneCP in play-internal-execution-context-1 
Connection pool has been shutdown.

2015-05-16 16:49:57,603 - [DEBUG] - from com.jolbox.bonecp.BoneCPDataSource in play-internal-execution-context-1 
Connection pool has been shut down

2015-05-16 16:49:57,662 - [DEBUG] - from com.jolbox.bonecp.BoneCPDataSource in play-internal-execution-context-1 
JDBC URL = jdbc:mysql://127.0.0.1/icare, Username = root, partitions = 1, max (per partition) = 30, min (per partition) = 5, idle max age = 10 min, idle test period = 1 min, strategy = DEFAULT

2015-05-16 16:49:57,752 - [INFO] - from play in play-internal-execution-context-1 
database [default] connected at jdbc:mysql://127.0.0.1/icare

2015-05-16 16:49:57,807 - [DEBUG] - from com.jolbox.bonecp.StatementHandle in play-internal-execution-context-1 
select id, hash, apply_script, revert_script, state, last_problem from play_evolutions where state like 'applying_%'

2015-05-16 16:49:57,808 - [DEBUG] - from com.jolbox.bonecp.StatementHandle in play-internal-execution-context-1 

            select id, hash, apply_script, revert_script from play_evolutions order by id
        

2015-05-16 16:49:57,814 - [INFO] - from play in play-internal-execution-context-1 
Application started (Dev)

2015-05-16 16:49:57,819 - [DEBUG] - from application in play-akka.actor.default-dispatcher-17 
query: cushion id: 2

2015-05-16 16:49:57,822 - [DEBUG] - from com.jolbox.bonecp.PreparedStatementHandle in play-akka.actor.default-dispatcher-17 
select t0.id c0, t0.mac c1, t0.version c2, t0.type c3 from device t0 where t0.id = 2  

2015-05-16 16:50:00,860 - [DEBUG] - from application in play-akka.actor.default-dispatcher-18 
query: cushion id: 9

2015-05-16 16:50:00,862 - [DEBUG] - from com.jolbox.bonecp.PreparedStatementHandle in play-akka.actor.default-dispatcher-18 
select t0.id c0, t0.mac c1, t0.version c2, t0.type c3 from device t0 where t0.id = 9  

2015-05-16 17:02:33,681 - [INFO] - from com.jolbox.bonecp.BoneCP in play-internal-execution-context-1 
Shutting down connection pool...

2015-05-16 17:02:33,681 - [DEBUG] - from com.jolbox.bonecp.PoolWatchThread in BoneCP-pool-watch-thread 
Terminating pool watch thread

2015-05-16 17:02:33,682 - [INFO] - from com.jolbox.bonecp.BoneCP in play-internal-execution-context-1 
Connection pool has been shutdown.

2015-05-16 17:02:33,683 - [DEBUG] - from com.jolbox.bonecp.BoneCPDataSource in play-internal-execution-context-1 
Connection pool has been shut down

2015-05-16 17:02:33,725 - [DEBUG] - from com.jolbox.bonecp.BoneCPDataSource in play-internal-execution-context-1 
JDBC URL = jdbc:mysql://127.0.0.1/icare, Username = root, partitions = 1, max (per partition) = 30, min (per partition) = 5, idle max age = 10 min, idle test period = 1 min, strategy = DEFAULT

2015-05-16 17:02:33,872 - [INFO] - from play in play-internal-execution-context-1 
database [default] connected at jdbc:mysql://127.0.0.1/icare

2015-05-16 17:02:33,933 - [DEBUG] - from com.jolbox.bonecp.StatementHandle in play-internal-execution-context-1 
select id, hash, apply_script, revert_script, state, last_problem from play_evolutions where state like 'applying_%'

2015-05-16 17:02:33,935 - [DEBUG] - from com.jolbox.bonecp.StatementHandle in play-internal-execution-context-1 

            select id, hash, apply_script, revert_script from play_evolutions order by id
        

2015-05-16 17:02:33,946 - [INFO] - from play in play-internal-execution-context-1 
Application started (Dev)

2015-05-16 17:02:33,953 - [DEBUG] - from application in play-akka.actor.default-dispatcher-17 
query: cushion id: 2

2015-05-16 17:02:33,975 - [DEBUG] - from com.jolbox.bonecp.PreparedStatementHandle in play-akka.actor.default-dispatcher-17 
select t0.id c0, t0.mac c1, t0.version c2, t0.type c3 from device t0 where t0.id = 2 

2015-05-16 17:02:38,647 - [DEBUG] - from application in play-akka.actor.default-dispatcher-17 
query: cushion id: 5

2015-05-16 17:02:38,649 - [DEBUG] - from com.jolbox.bonecp.PreparedStatementHandle in play-akka.actor.default-dispatcher-17 
select t0.id c0, t0.mac c1, t0.version c2, t0.type c3 from device t0 where t0.id = 5 

2015-05-16 17:02:41,305 - [DEBUG] - from application in play-akka.actor.default-dispatcher-17 
query: cushion id: 0

2015-05-16 17:02:41,310 - [DEBUG] - from com.jolbox.bonecp.PreparedStatementHandle in play-akka.actor.default-dispatcher-17 
select t0.id c0, t0.mac c1, t0.version c2, t0.type c3 from device t0 where t0.id = 0 

2015-05-16 17:02:46,208 - [DEBUG] - from application in play-akka.actor.default-dispatcher-17 
query: cushion id: 0

2015-05-16 17:02:46,210 - [DEBUG] - from com.jolbox.bonecp.PreparedStatementHandle in play-akka.actor.default-dispatcher-17 
select t0.id c0, t0.mac c1, t0.version c2, t0.type c3 from device t0 where t0.id = 0 

2015-05-16 17:04:03,142 - [INFO] - from com.jolbox.bonecp.BoneCP in play-internal-execution-context-1 
Shutting down connection pool...

2015-05-16 17:04:03,143 - [DEBUG] - from com.jolbox.bonecp.PoolWatchThread in BoneCP-pool-watch-thread 
Terminating pool watch thread

2015-05-16 17:04:03,144 - [INFO] - from com.jolbox.bonecp.BoneCP in play-internal-execution-context-1 
Connection pool has been shutdown.

2015-05-16 17:04:03,145 - [DEBUG] - from com.jolbox.bonecp.BoneCPDataSource in play-internal-execution-context-1 
Connection pool has been shut down

2015-05-16 17:04:03,178 - [DEBUG] - from com.jolbox.bonecp.BoneCPDataSource in play-internal-execution-context-1 
JDBC URL = jdbc:mysql://127.0.0.1/icare, Username = root, partitions = 1, max (per partition) = 30, min (per partition) = 5, idle max age = 10 min, idle test period = 1 min, strategy = DEFAULT

2015-05-16 17:04:03,237 - [INFO] - from play in play-internal-execution-context-1 
database [default] connected at jdbc:mysql://127.0.0.1/icare

2015-05-16 17:04:03,288 - [DEBUG] - from com.jolbox.bonecp.StatementHandle in play-internal-execution-context-1 
select id, hash, apply_script, revert_script, state, last_problem from play_evolutions where state like 'applying_%'

2015-05-16 17:04:03,289 - [DEBUG] - from com.jolbox.bonecp.StatementHandle in play-internal-execution-context-1 

            select id, hash, apply_script, revert_script from play_evolutions order by id
        

2015-05-16 17:04:03,294 - [INFO] - from play in play-internal-execution-context-1 
Application started (Dev)

2015-05-16 17:04:03,301 - [DEBUG] - from application in play-akka.actor.default-dispatcher-19 
query: cushion id: 0

2015-05-16 17:04:03,303 - [DEBUG] - from com.jolbox.bonecp.PreparedStatementHandle in play-akka.actor.default-dispatcher-19 
select t0.id c0, t0.mac c1, t0.version c2, t0.type c3 from device t0

2015-05-16 17:04:06,289 - [DEBUG] - from application in play-akka.actor.default-dispatcher-19 
query: cushion id: 1

2015-05-16 17:04:06,296 - [DEBUG] - from com.jolbox.bonecp.PreparedStatementHandle in play-akka.actor.default-dispatcher-19 
select t0.id c0, t0.mac c1, t0.version c2, t0.type c3 from device t0 where t0.id = 1 

2015-05-16 17:04:08,383 - [DEBUG] - from application in play-akka.actor.default-dispatcher-19 
query: cushion id: 2

2015-05-16 17:04:08,386 - [DEBUG] - from com.jolbox.bonecp.PreparedStatementHandle in play-akka.actor.default-dispatcher-19 
select t0.id c0, t0.mac c1, t0.version c2, t0.type c3 from device t0 where t0.id = 2 

2015-05-16 17:04:10,718 - [DEBUG] - from application in play-akka.actor.default-dispatcher-19 
query: cushion id: 3

2015-05-16 17:04:10,722 - [DEBUG] - from com.jolbox.bonecp.PreparedStatementHandle in play-akka.actor.default-dispatcher-19 
select t0.id c0, t0.mac c1, t0.version c2, t0.type c3 from device t0 where t0.id = 3 

2015-05-16 17:06:32,195 - [INFO] - from com.jolbox.bonecp.BoneCP in play-internal-execution-context-1 
Shutting down connection pool...

2015-05-16 17:06:32,196 - [DEBUG] - from com.jolbox.bonecp.PoolWatchThread in BoneCP-pool-watch-thread 
Terminating pool watch thread

2015-05-16 17:06:32,196 - [INFO] - from com.jolbox.bonecp.BoneCP in play-internal-execution-context-1 
Connection pool has been shutdown.

2015-05-16 17:06:32,197 - [DEBUG] - from com.jolbox.bonecp.BoneCPDataSource in play-internal-execution-context-1 
Connection pool has been shut down

2015-05-16 17:06:32,233 - [DEBUG] - from com.jolbox.bonecp.BoneCPDataSource in play-internal-execution-context-1 
JDBC URL = jdbc:mysql://127.0.0.1/icare, Username = root, partitions = 1, max (per partition) = 30, min (per partition) = 5, idle max age = 10 min, idle test period = 1 min, strategy = DEFAULT

2015-05-16 17:06:32,337 - [INFO] - from play in play-internal-execution-context-1 
database [default] connected at jdbc:mysql://127.0.0.1/icare

2015-05-16 17:06:32,408 - [DEBUG] - from com.jolbox.bonecp.StatementHandle in play-internal-execution-context-1 
select id, hash, apply_script, revert_script, state, last_problem from play_evolutions where state like 'applying_%'

2015-05-16 17:06:32,409 - [DEBUG] - from com.jolbox.bonecp.StatementHandle in play-internal-execution-context-1 

            select id, hash, apply_script, revert_script from play_evolutions order by id
        

2015-05-16 17:06:32,414 - [INFO] - from play in play-internal-execution-context-1 
Application started (Dev)

2015-05-16 17:06:32,420 - [DEBUG] - from application in play-akka.actor.default-dispatcher-20 
query: cushion id: 3

2015-05-16 17:06:32,422 - [DEBUG] - from com.jolbox.bonecp.PreparedStatementHandle in play-akka.actor.default-dispatcher-20 
select t0.id c0, t0.mac c1, t0.version c2, t0.type c3 from device t0 where t0.id = 3 

2015-05-16 17:06:33,935 - [DEBUG] - from application in play-akka.actor.default-dispatcher-21 
query: cushion id: 2

2015-05-16 17:06:33,937 - [DEBUG] - from com.jolbox.bonecp.PreparedStatementHandle in play-akka.actor.default-dispatcher-21 
select t0.id c0, t0.mac c1, t0.version c2, t0.type c3 from device t0 where t0.id = 2 

2015-05-16 17:06:38,159 - [DEBUG] - from application in play-akka.actor.default-dispatcher-20 
query: cushion id: 1

2015-05-16 17:06:38,161 - [DEBUG] - from com.jolbox.bonecp.PreparedStatementHandle in play-akka.actor.default-dispatcher-20 
select t0.id c0, t0.mac c1, t0.version c2, t0.type c3 from device t0 where t0.id = 1 

2015-05-16 17:12:05,443 - [ERROR] - from application in New I/O worker #6 


! @6m6l51bej - Internal server error, for (GET) [/update/cushion/1/sdf] ->

play.PlayExceptions$RoutesCompilationException: Compilation error[Using different overloaded methods is not allowed. If you are using a single method in combination with default parameters, make sure you declare them all explicitly.]
	at play.PlaySourceGenerators$$anonfun$1.apply(PlaySourceGenerators.scala:24) ~[na:na]
	at play.PlaySourceGenerators$$anonfun$1.apply(PlaySourceGenerators.scala:12) ~[na:na]
	at play.PlaySettings$$anonfun$defaultSettings$29.apply(PlaySettings.scala:119) ~[na:na]
	at play.PlaySettings$$anonfun$defaultSettings$29.apply(PlaySettings.scala:119) ~[na:na]
	at scala.Function7$$anonfun$tupled$1.apply(Function7.scala:35) ~[scala-library-2.11.1.jar:na]
	at scala.Function7$$anonfun$tupled$1.apply(Function7.scala:34) ~[scala-library-2.11.1.jar:na]
	at scala.Function1$$anonfun$compose$1.apply(Function1.scala:47) ~[scala-library-2.11.1.jar:na]
	at sbt.$tilde$greater$$anonfun$$u2219$1.apply(TypeFunctions.scala:42) ~[na:na]
	at sbt.std.Transform$$anon$4.work(System.scala:64) ~[na:na]
	at sbt.Execute$$anonfun$submit$1$$anonfun$apply$1.apply(Execute.scala:237) ~[na:na]
	at sbt.Execute$$anonfun$submit$1$$anonfun$apply$1.apply(Execute.scala:237) ~[na:na]
	at sbt.ErrorHandling$.wideConvert(ErrorHandling.scala:18) ~[na:na]
	at sbt.Execute.work(Execute.scala:244) ~[na:na]
	at sbt.Execute$$anonfun$submit$1.apply(Execute.scala:237) ~[na:na]
	at sbt.Execute$$anonfun$submit$1.apply(Execute.scala:237) ~[na:na]
	at sbt.ConcurrentRestrictions$$anon$4$$anonfun$1.apply(ConcurrentRestrictions.scala:160) ~[na:na]
	at sbt.CompletionService$$anon$2.call(CompletionService.scala:30) ~[na:na]
	at java.util.concurrent.FutureTask$Sync.innerRun(Unknown Source) ~[na:1.7.0]
	at java.util.concurrent.FutureTask.run(Unknown Source) ~[na:1.7.0]
	at java.util.concurrent.Executors$RunnableAdapter.call(Unknown Source) ~[na:1.7.0]
	at java.util.concurrent.FutureTask$Sync.innerRun(Unknown Source) ~[na:1.7.0]
	at java.util.concurrent.FutureTask.run(Unknown Source) ~[na:1.7.0]
	at java.util.concurrent.ThreadPoolExecutor.runWorker(Unknown Source) [na:1.7.0]
	at java.util.concurrent.ThreadPoolExecutor$Worker.run(Unknown Source) [na:1.7.0]
	at java.lang.Thread.run(Unknown Source) [na:1.7.0]

2015-05-16 17:12:23,177 - [ERROR] - from application in New I/O worker #6 


! @6m6l52bn6 - Internal server error, for (GET) [/update/cushion/1/sdf] ->

play.PlayExceptions$RoutesCompilationException: Compilation error[Using different overloaded methods is not allowed. If you are using a single method in combination with default parameters, make sure you declare them all explicitly.]
	at play.PlaySourceGenerators$$anonfun$1.apply(PlaySourceGenerators.scala:24) ~[na:na]
	at play.PlaySourceGenerators$$anonfun$1.apply(PlaySourceGenerators.scala:12) ~[na:na]
	at play.PlaySettings$$anonfun$defaultSettings$29.apply(PlaySettings.scala:119) ~[na:na]
	at play.PlaySettings$$anonfun$defaultSettings$29.apply(PlaySettings.scala:119) ~[na:na]
	at scala.Function7$$anonfun$tupled$1.apply(Function7.scala:35) ~[scala-library-2.11.1.jar:na]
	at scala.Function7$$anonfun$tupled$1.apply(Function7.scala:34) ~[scala-library-2.11.1.jar:na]
	at scala.Function1$$anonfun$compose$1.apply(Function1.scala:47) ~[scala-library-2.11.1.jar:na]
	at sbt.$tilde$greater$$anonfun$$u2219$1.apply(TypeFunctions.scala:42) ~[na:na]
	at sbt.std.Transform$$anon$4.work(System.scala:64) ~[na:na]
	at sbt.Execute$$anonfun$submit$1$$anonfun$apply$1.apply(Execute.scala:237) ~[na:na]
	at sbt.Execute$$anonfun$submit$1$$anonfun$apply$1.apply(Execute.scala:237) ~[na:na]
	at sbt.ErrorHandling$.wideConvert(ErrorHandling.scala:18) ~[na:na]
	at sbt.Execute.work(Execute.scala:244) ~[na:na]
	at sbt.Execute$$anonfun$submit$1.apply(Execute.scala:237) ~[na:na]
	at sbt.Execute$$anonfun$submit$1.apply(Execute.scala:237) ~[na:na]
	at sbt.ConcurrentRestrictions$$anon$4$$anonfun$1.apply(ConcurrentRestrictions.scala:160) ~[na:na]
	at sbt.CompletionService$$anon$2.call(CompletionService.scala:30) ~[na:na]
	at java.util.concurrent.FutureTask$Sync.innerRun(Unknown Source) ~[na:1.7.0]
	at java.util.concurrent.FutureTask.run(Unknown Source) ~[na:1.7.0]
	at java.util.concurrent.Executors$RunnableAdapter.call(Unknown Source) ~[na:1.7.0]
	at java.util.concurrent.FutureTask$Sync.innerRun(Unknown Source) ~[na:1.7.0]
	at java.util.concurrent.FutureTask.run(Unknown Source) ~[na:1.7.0]
	at java.util.concurrent.ThreadPoolExecutor.runWorker(Unknown Source) [na:1.7.0]
	at java.util.concurrent.ThreadPoolExecutor$Worker.run(Unknown Source) [na:1.7.0]
	at java.lang.Thread.run(Unknown Source) [na:1.7.0]

2015-05-16 17:12:27,711 - [ERROR] - from application in New I/O worker #6 


! @6m6l52ifo - Internal server error, for (GET) [/update/cushion/1/sdf] ->

play.PlayExceptions$RoutesCompilationException: Compilation error[Using different overloaded methods is not allowed. If you are using a single method in combination with default parameters, make sure you declare them all explicitly.]
	at play.PlaySourceGenerators$$anonfun$1.apply(PlaySourceGenerators.scala:24) ~[na:na]
	at play.PlaySourceGenerators$$anonfun$1.apply(PlaySourceGenerators.scala:12) ~[na:na]
	at play.PlaySettings$$anonfun$defaultSettings$29.apply(PlaySettings.scala:119) ~[na:na]
	at play.PlaySettings$$anonfun$defaultSettings$29.apply(PlaySettings.scala:119) ~[na:na]
	at scala.Function7$$anonfun$tupled$1.apply(Function7.scala:35) ~[scala-library-2.11.1.jar:na]
	at scala.Function7$$anonfun$tupled$1.apply(Function7.scala:34) ~[scala-library-2.11.1.jar:na]
	at scala.Function1$$anonfun$compose$1.apply(Function1.scala:47) ~[scala-library-2.11.1.jar:na]
	at sbt.$tilde$greater$$anonfun$$u2219$1.apply(TypeFunctions.scala:42) ~[na:na]
	at sbt.std.Transform$$anon$4.work(System.scala:64) ~[na:na]
	at sbt.Execute$$anonfun$submit$1$$anonfun$apply$1.apply(Execute.scala:237) ~[na:na]
	at sbt.Execute$$anonfun$submit$1$$anonfun$apply$1.apply(Execute.scala:237) ~[na:na]
	at sbt.ErrorHandling$.wideConvert(ErrorHandling.scala:18) ~[na:na]
	at sbt.Execute.work(Execute.scala:244) ~[na:na]
	at sbt.Execute$$anonfun$submit$1.apply(Execute.scala:237) ~[na:na]
	at sbt.Execute$$anonfun$submit$1.apply(Execute.scala:237) ~[na:na]
	at sbt.ConcurrentRestrictions$$anon$4$$anonfun$1.apply(ConcurrentRestrictions.scala:160) ~[na:na]
	at sbt.CompletionService$$anon$2.call(CompletionService.scala:30) ~[na:na]
	at java.util.concurrent.FutureTask$Sync.innerRun(Unknown Source) ~[na:1.7.0]
	at java.util.concurrent.FutureTask.run(Unknown Source) ~[na:1.7.0]
	at java.util.concurrent.Executors$RunnableAdapter.call(Unknown Source) ~[na:1.7.0]
	at java.util.concurrent.FutureTask$Sync.innerRun(Unknown Source) ~[na:1.7.0]
	at java.util.concurrent.FutureTask.run(Unknown Source) ~[na:1.7.0]
	at java.util.concurrent.ThreadPoolExecutor.runWorker(Unknown Source) [na:1.7.0]
	at java.util.concurrent.ThreadPoolExecutor$Worker.run(Unknown Source) [na:1.7.0]
	at java.lang.Thread.run(Unknown Source) [na:1.7.0]

2015-05-16 17:13:23,539 - [INFO] - from com.jolbox.bonecp.BoneCP in play-internal-execution-context-1 
Shutting down connection pool...

2015-05-16 17:13:23,540 - [DEBUG] - from com.jolbox.bonecp.PoolWatchThread in BoneCP-pool-watch-thread 
Terminating pool watch thread

2015-05-16 17:13:23,541 - [INFO] - from com.jolbox.bonecp.BoneCP in play-internal-execution-context-1 
Connection pool has been shutdown.

2015-05-16 17:13:23,541 - [DEBUG] - from com.jolbox.bonecp.BoneCPDataSource in play-internal-execution-context-1 
Connection pool has been shut down

2015-05-16 17:13:23,578 - [DEBUG] - from com.jolbox.bonecp.BoneCPDataSource in play-internal-execution-context-1 
JDBC URL = jdbc:mysql://127.0.0.1/icare, Username = root, partitions = 1, max (per partition) = 30, min (per partition) = 5, idle max age = 10 min, idle test period = 1 min, strategy = DEFAULT

2015-05-16 17:13:23,739 - [INFO] - from play in play-internal-execution-context-1 
database [default] connected at jdbc:mysql://127.0.0.1/icare

2015-05-16 17:13:23,789 - [DEBUG] - from com.jolbox.bonecp.StatementHandle in play-internal-execution-context-1 
select id, hash, apply_script, revert_script, state, last_problem from play_evolutions where state like 'applying_%'

2015-05-16 17:13:23,790 - [DEBUG] - from com.jolbox.bonecp.StatementHandle in play-internal-execution-context-1 

            select id, hash, apply_script, revert_script from play_evolutions order by id
        

2015-05-16 17:13:23,797 - [INFO] - from play in play-internal-execution-context-1 
Application started (Dev)

2015-05-16 17:13:36,706 - [ERROR] - from application in New I/O worker #6 


! @6m6l56gg8 - Internal server error, for (GET) [/update/cushion/1/sdf] ->

play.PlayExceptions$RoutesCompilationException: Compilation error[Using different overloaded methods is not allowed. If you are using a single method in combination with default parameters, make sure you declare them all explicitly.]
	at play.PlaySourceGenerators$$anonfun$1.apply(PlaySourceGenerators.scala:24) ~[na:na]
	at play.PlaySourceGenerators$$anonfun$1.apply(PlaySourceGenerators.scala:12) ~[na:na]
	at play.PlaySettings$$anonfun$defaultSettings$29.apply(PlaySettings.scala:119) ~[na:na]
	at play.PlaySettings$$anonfun$defaultSettings$29.apply(PlaySettings.scala:119) ~[na:na]
	at scala.Function7$$anonfun$tupled$1.apply(Function7.scala:35) ~[scala-library-2.11.1.jar:na]
	at scala.Function7$$anonfun$tupled$1.apply(Function7.scala:34) ~[scala-library-2.11.1.jar:na]
	at scala.Function1$$anonfun$compose$1.apply(Function1.scala:47) ~[scala-library-2.11.1.jar:na]
	at sbt.$tilde$greater$$anonfun$$u2219$1.apply(TypeFunctions.scala:42) ~[na:na]
	at sbt.std.Transform$$anon$4.work(System.scala:64) ~[na:na]
	at sbt.Execute$$anonfun$submit$1$$anonfun$apply$1.apply(Execute.scala:237) ~[na:na]
	at sbt.Execute$$anonfun$submit$1$$anonfun$apply$1.apply(Execute.scala:237) ~[na:na]
	at sbt.ErrorHandling$.wideConvert(ErrorHandling.scala:18) ~[na:na]
	at sbt.Execute.work(Execute.scala:244) ~[na:na]
	at sbt.Execute$$anonfun$submit$1.apply(Execute.scala:237) ~[na:na]
	at sbt.Execute$$anonfun$submit$1.apply(Execute.scala:237) ~[na:na]
	at sbt.ConcurrentRestrictions$$anon$4$$anonfun$1.apply(ConcurrentRestrictions.scala:160) ~[na:na]
	at sbt.CompletionService$$anon$2.call(CompletionService.scala:30) ~[na:na]
	at java.util.concurrent.FutureTask$Sync.innerRun(Unknown Source) ~[na:1.7.0]
	at java.util.concurrent.FutureTask.run(Unknown Source) ~[na:1.7.0]
	at java.util.concurrent.Executors$RunnableAdapter.call(Unknown Source) ~[na:1.7.0]
	at java.util.concurrent.FutureTask$Sync.innerRun(Unknown Source) ~[na:1.7.0]
	at java.util.concurrent.FutureTask.run(Unknown Source) ~[na:1.7.0]
	at java.util.concurrent.ThreadPoolExecutor.runWorker(Unknown Source) [na:1.7.0]
	at java.util.concurrent.ThreadPoolExecutor$Worker.run(Unknown Source) [na:1.7.0]
	at java.lang.Thread.run(Unknown Source) [na:1.7.0]

2015-05-16 17:13:45,983 - [ERROR] - from application in New I/O worker #6 


! @6m6l574ii - Internal server error, for (GET) [/update/cushion/1/sdf] ->

play.PlayExceptions$CompilationException: Compilation error[too many arguments for method query: (x$1: String, x$2: Integer)play.mvc.Result]
	at play.PlayExceptions$CompilationException$.apply(PlayExceptions.scala:27) ~[na:na]
	at play.PlayExceptions$CompilationException$.apply(PlayExceptions.scala:27) ~[na:na]
	at scala.Option.map(Option.scala:145) ~[scala-library-2.11.1.jar:na]
	at play.PlayReload$$anonfun$taskFailureHandler$1.apply(PlayReload.scala:49) ~[na:na]
	at play.PlayReload$$anonfun$taskFailureHandler$1.apply(PlayReload.scala:44) ~[na:na]
	at scala.Option.map(Option.scala:145) ~[scala-library-2.11.1.jar:na]
	at play.PlayReload$.taskFailureHandler(PlayReload.scala:44) ~[na:na]
	at play.PlayReload$.compileFailure(PlayReload.scala:40) ~[na:na]
	at play.PlayReload$$anonfun$compile$1.apply(PlayReload.scala:17) ~[na:na]
	at play.PlayReload$$anonfun$compile$1.apply(PlayReload.scala:17) ~[na:na]
	at scala.util.Either$LeftProjection.map(Either.scala:377) ~[scala-library-2.11.1.jar:na]
	at play.PlayReload$.compile(PlayReload.scala:17) ~[na:na]
	at play.PlayRun$$anonfun$playRunTask$1$$anonfun$apply$2$$anonfun$apply$3$$anonfun$2.apply(PlayRun.scala:61) ~[na:na]
	at play.PlayRun$$anonfun$playRunTask$1$$anonfun$apply$2$$anonfun$apply$3$$anonfun$2.apply(PlayRun.scala:61) ~[na:na]
	at play.runsupport.Reloader.reload(Reloader.scala:295) ~[na:na]
	at play.core.ReloadableApplication$$anonfun$get$1.apply(ApplicationProvider.scala:122) ~[play_2.11-2.3.8.jar:2.3.8]
	at play.core.ReloadableApplication$$anonfun$get$1.apply(ApplicationProvider.scala:120) ~[play_2.11-2.3.8.jar:2.3.8]
	at scala.concurrent.impl.Future$PromiseCompletingRunnable.liftedTree1$1(Future.scala:24) ~[scala-library-2.11.1.jar:na]
	at scala.concurrent.impl.Future$PromiseCompletingRunnable.run(Future.scala:24) ~[scala-library-2.11.1.jar:na]
	at scala.concurrent.forkjoin.ForkJoinTask$AdaptedRunnableAction.exec(ForkJoinTask.java:1361) ~[scala-library-2.11.1.jar:na]
	at scala.concurrent.forkjoin.ForkJoinTask.doExec(ForkJoinTask.java:260) ~[scala-library-2.11.1.jar:na]
	at scala.concurrent.forkjoin.ForkJoinPool$WorkQueue.runTask(ForkJoinPool.java:1339) ~[scala-library-2.11.1.jar:na]
	at scala.concurrent.forkjoin.ForkJoinPool.runWorker(ForkJoinPool.java:1979) ~[scala-library-2.11.1.jar:na]
	at scala.concurrent.forkjoin.ForkJoinWorkerThread.run(ForkJoinWorkerThread.java:107) ~[scala-library-2.11.1.jar:na]

2015-05-16 17:17:19,878 - [INFO] - from com.jolbox.bonecp.BoneCP in play-internal-execution-context-1 
Shutting down connection pool...

2015-05-16 17:17:19,879 - [DEBUG] - from com.jolbox.bonecp.PoolWatchThread in BoneCP-pool-watch-thread 
Terminating pool watch thread

2015-05-16 17:17:19,880 - [INFO] - from com.jolbox.bonecp.BoneCP in play-internal-execution-context-1 
Connection pool has been shutdown.

2015-05-16 17:17:19,880 - [DEBUG] - from com.jolbox.bonecp.BoneCPDataSource in play-internal-execution-context-1 
Connection pool has been shut down

2015-05-16 17:17:19,915 - [DEBUG] - from com.jolbox.bonecp.BoneCPDataSource in play-internal-execution-context-1 
JDBC URL = jdbc:mysql://127.0.0.1/icare, Username = root, partitions = 1, max (per partition) = 30, min (per partition) = 5, idle max age = 10 min, idle test period = 1 min, strategy = DEFAULT

2015-05-16 17:17:20,020 - [INFO] - from play in play-internal-execution-context-1 
database [default] connected at jdbc:mysql://127.0.0.1/icare

2015-05-16 17:17:20,065 - [DEBUG] - from com.jolbox.bonecp.StatementHandle in play-internal-execution-context-1 
select id, hash, apply_script, revert_script, state, last_problem from play_evolutions where state like 'applying_%'

2015-05-16 17:17:20,066 - [DEBUG] - from com.jolbox.bonecp.StatementHandle in play-internal-execution-context-1 

            select id, hash, apply_script, revert_script from play_evolutions order by id
        

2015-05-16 17:17:20,074 - [INFO] - from play in play-internal-execution-context-1 
Application started (Dev)

2015-05-16 17:17:51,764 - [DEBUG] - from application in play-akka.actor.default-dispatcher-23 
query: cushion id: 1

2015-05-16 17:17:51,767 - [DEBUG] - from com.jolbox.bonecp.PreparedStatementHandle in play-akka.actor.default-dispatcher-23 
select t0.id c0, t0.mac c1, t0.version c2, t0.type c3 from device t0 where t0.id = 1 

2015-05-16 17:18:11,273 - [INFO] - from com.jolbox.bonecp.BoneCP in play-internal-execution-context-1 
Shutting down connection pool...

2015-05-16 17:18:11,273 - [DEBUG] - from com.jolbox.bonecp.PoolWatchThread in BoneCP-pool-watch-thread 
Terminating pool watch thread

2015-05-16 17:18:11,275 - [INFO] - from com.jolbox.bonecp.BoneCP in play-internal-execution-context-1 
Connection pool has been shutdown.

2015-05-16 17:18:11,275 - [DEBUG] - from com.jolbox.bonecp.BoneCPDataSource in play-internal-execution-context-1 
Connection pool has been shut down

2015-05-16 17:18:11,307 - [DEBUG] - from com.jolbox.bonecp.BoneCPDataSource in play-internal-execution-context-1 
JDBC URL = jdbc:mysql://127.0.0.1/icare, Username = root, partitions = 1, max (per partition) = 30, min (per partition) = 5, idle max age = 10 min, idle test period = 1 min, strategy = DEFAULT

2015-05-16 17:18:11,399 - [INFO] - from play in play-internal-execution-context-1 
database [default] connected at jdbc:mysql://127.0.0.1/icare

2015-05-16 17:18:11,446 - [DEBUG] - from com.jolbox.bonecp.StatementHandle in play-internal-execution-context-1 
select id, hash, apply_script, revert_script, state, last_problem from play_evolutions where state like 'applying_%'

2015-05-16 17:18:11,447 - [DEBUG] - from com.jolbox.bonecp.StatementHandle in play-internal-execution-context-1 

            select id, hash, apply_script, revert_script from play_evolutions order by id
        

2015-05-16 17:18:11,454 - [INFO] - from play in play-internal-execution-context-1 
Application started (Dev)

2015-05-16 17:18:11,462 - [DEBUG] - from application in play-akka.actor.default-dispatcher-24 
query: cushion id: 1

2015-05-16 17:18:11,464 - [DEBUG] - from com.jolbox.bonecp.PreparedStatementHandle in play-akka.actor.default-dispatcher-24 
select t0.id c0, t0.mac c1, t0.version c2, t0.type c3 from device t0 where t0.id = 1 

2015-05-16 17:29:17,283 - [INFO] - from com.jolbox.bonecp.BoneCP in play-internal-execution-context-1 
Shutting down connection pool...

2015-05-16 17:29:17,284 - [DEBUG] - from com.jolbox.bonecp.PoolWatchThread in BoneCP-pool-watch-thread 
Terminating pool watch thread

2015-05-16 17:29:17,285 - [INFO] - from com.jolbox.bonecp.BoneCP in play-internal-execution-context-1 
Connection pool has been shutdown.

2015-05-16 17:29:17,285 - [DEBUG] - from com.jolbox.bonecp.BoneCPDataSource in play-internal-execution-context-1 
Connection pool has been shut down

2015-05-16 17:29:17,316 - [DEBUG] - from com.jolbox.bonecp.BoneCPDataSource in play-internal-execution-context-1 
JDBC URL = jdbc:mysql://127.0.0.1/icare, Username = root, partitions = 1, max (per partition) = 30, min (per partition) = 5, idle max age = 10 min, idle test period = 1 min, strategy = DEFAULT

2015-05-16 17:29:17,396 - [INFO] - from play in play-internal-execution-context-1 
database [default] connected at jdbc:mysql://127.0.0.1/icare

2015-05-16 17:29:17,444 - [DEBUG] - from com.jolbox.bonecp.StatementHandle in play-internal-execution-context-1 
select id, hash, apply_script, revert_script, state, last_problem from play_evolutions where state like 'applying_%'

2015-05-16 17:29:17,445 - [DEBUG] - from com.jolbox.bonecp.StatementHandle in play-internal-execution-context-1 

            select id, hash, apply_script, revert_script from play_evolutions order by id
        

2015-05-16 17:29:17,451 - [INFO] - from play in play-internal-execution-context-1 
Application started (Dev)

2015-05-16 17:29:17,456 - [DEBUG] - from application in play-akka.actor.default-dispatcher-25 
query: cushion id: 1

2015-05-16 17:29:17,458 - [DEBUG] - from com.jolbox.bonecp.PreparedStatementHandle in play-akka.actor.default-dispatcher-25 
select t0.id c0, t0.mac c1, t0.version c2, t0.type c3 from device t0 where t0.id = 1 

2015-05-16 17:29:29,705 - [DEBUG] - from application in play-akka.actor.default-dispatcher-25 
query: cushion id: 1

2015-05-16 17:29:29,707 - [DEBUG] - from com.jolbox.bonecp.PreparedStatementHandle in play-akka.actor.default-dispatcher-25 
select t0.id c0, t0.mac c1, t0.version c2, t0.type c3 from device t0 where t0.id = 1 

2015-05-16 17:29:53,971 - [INFO] - from com.jolbox.bonecp.BoneCP in play-internal-execution-context-1 
Shutting down connection pool...

2015-05-16 17:29:53,971 - [DEBUG] - from com.jolbox.bonecp.PoolWatchThread in BoneCP-pool-watch-thread 
Terminating pool watch thread

2015-05-16 17:29:53,973 - [INFO] - from com.jolbox.bonecp.BoneCP in play-internal-execution-context-1 
Connection pool has been shutdown.

2015-05-16 17:29:53,973 - [DEBUG] - from com.jolbox.bonecp.BoneCPDataSource in play-internal-execution-context-1 
Connection pool has been shut down

2015-05-16 17:29:54,004 - [DEBUG] - from com.jolbox.bonecp.BoneCPDataSource in play-internal-execution-context-1 
JDBC URL = jdbc:mysql://127.0.0.1/icare, Username = root, partitions = 1, max (per partition) = 30, min (per partition) = 5, idle max age = 10 min, idle test period = 1 min, strategy = DEFAULT

2015-05-16 17:29:54,124 - [INFO] - from play in play-internal-execution-context-1 
database [default] connected at jdbc:mysql://127.0.0.1/icare

2015-05-16 17:29:54,201 - [DEBUG] - from com.jolbox.bonecp.StatementHandle in play-internal-execution-context-1 
select id, hash, apply_script, revert_script, state, last_problem from play_evolutions where state like 'applying_%'

2015-05-16 17:29:54,202 - [DEBUG] - from com.jolbox.bonecp.StatementHandle in play-internal-execution-context-1 

            select id, hash, apply_script, revert_script from play_evolutions order by id
        

2015-05-16 17:29:54,208 - [INFO] - from play in play-internal-execution-context-1 
Application started (Dev)

2015-05-16 17:45:52,218 - [ERROR] - from application in New I/O worker #1 


! @6m6l9ck4g - Internal server error, for (GET) [/query/cushion/1] ->

play.PlayExceptions$CompilationException: Compilation error[: ]
	at play.PlayExceptions$CompilationException$.apply(PlayExceptions.scala:27) ~[na:na]
	at play.PlayExceptions$CompilationException$.apply(PlayExceptions.scala:27) ~[na:na]
	at scala.Option.map(Option.scala:145) ~[scala-library-2.11.1.jar:na]
	at play.PlayReload$$anonfun$taskFailureHandler$1.apply(PlayReload.scala:49) ~[na:na]
	at play.PlayReload$$anonfun$taskFailureHandler$1.apply(PlayReload.scala:44) ~[na:na]
	at scala.Option.map(Option.scala:145) ~[scala-library-2.11.1.jar:na]
	at play.PlayReload$.taskFailureHandler(PlayReload.scala:44) ~[na:na]
	at play.PlayReload$.compileFailure(PlayReload.scala:40) ~[na:na]
	at play.PlayReload$$anonfun$compile$1.apply(PlayReload.scala:17) ~[na:na]
	at play.PlayReload$$anonfun$compile$1.apply(PlayReload.scala:17) ~[na:na]
	at scala.util.Either$LeftProjection.map(Either.scala:377) ~[scala-library-2.11.1.jar:na]
	at play.PlayReload$.compile(PlayReload.scala:17) ~[na:na]
	at play.PlayRun$$anonfun$playRunTask$1$$anonfun$apply$2$$anonfun$apply$3$$anonfun$2.apply(PlayRun.scala:61) ~[na:na]
	at play.PlayRun$$anonfun$playRunTask$1$$anonfun$apply$2$$anonfun$apply$3$$anonfun$2.apply(PlayRun.scala:61) ~[na:na]
	at play.runsupport.Reloader.reload(Reloader.scala:295) ~[na:na]
	at play.core.ReloadableApplication$$anonfun$get$1.apply(ApplicationProvider.scala:122) ~[play_2.11-2.3.8.jar:2.3.8]
	at play.core.ReloadableApplication$$anonfun$get$1.apply(ApplicationProvider.scala:120) ~[play_2.11-2.3.8.jar:2.3.8]
	at scala.concurrent.impl.Future$PromiseCompletingRunnable.liftedTree1$1(Future.scala:24) ~[scala-library-2.11.1.jar:na]
	at scala.concurrent.impl.Future$PromiseCompletingRunnable.run(Future.scala:24) ~[scala-library-2.11.1.jar:na]
	at scala.concurrent.forkjoin.ForkJoinTask$AdaptedRunnableAction.exec(ForkJoinTask.java:1361) ~[scala-library-2.11.1.jar:na]
	at scala.concurrent.forkjoin.ForkJoinTask.doExec(ForkJoinTask.java:260) ~[scala-library-2.11.1.jar:na]
	at scala.concurrent.forkjoin.ForkJoinPool$WorkQueue.runTask(ForkJoinPool.java:1339) ~[scala-library-2.11.1.jar:na]
	at scala.concurrent.forkjoin.ForkJoinPool.runWorker(ForkJoinPool.java:1979) ~[scala-library-2.11.1.jar:na]
	at scala.concurrent.forkjoin.ForkJoinWorkerThread.run(ForkJoinWorkerThread.java:107) ~[scala-library-2.11.1.jar:na]

2015-05-16 17:45:55,701 - [ERROR] - from application in New I/O worker #2 


! @6m6l9cp8f - Internal server error, for (GET) [/query/cushion/1] ->

play.PlayExceptions$CompilationException: Compilation error[: ]
	at play.PlayExceptions$CompilationException$.apply(PlayExceptions.scala:27) ~[na:na]
	at play.PlayExceptions$CompilationException$.apply(PlayExceptions.scala:27) ~[na:na]
	at scala.Option.map(Option.scala:145) ~[scala-library-2.11.1.jar:na]
	at play.PlayReload$$anonfun$taskFailureHandler$1.apply(PlayReload.scala:49) ~[na:na]
	at play.PlayReload$$anonfun$taskFailureHandler$1.apply(PlayReload.scala:44) ~[na:na]
	at scala.Option.map(Option.scala:145) ~[scala-library-2.11.1.jar:na]
	at play.PlayReload$.taskFailureHandler(PlayReload.scala:44) ~[na:na]
	at play.PlayReload$.compileFailure(PlayReload.scala:40) ~[na:na]
	at play.PlayReload$$anonfun$compile$1.apply(PlayReload.scala:17) ~[na:na]
	at play.PlayReload$$anonfun$compile$1.apply(PlayReload.scala:17) ~[na:na]
	at scala.util.Either$LeftProjection.map(Either.scala:377) ~[scala-library-2.11.1.jar:na]
	at play.PlayReload$.compile(PlayReload.scala:17) ~[na:na]
	at play.PlayRun$$anonfun$playRunTask$1$$anonfun$apply$2$$anonfun$apply$3$$anonfun$2.apply(PlayRun.scala:61) ~[na:na]
	at play.PlayRun$$anonfun$playRunTask$1$$anonfun$apply$2$$anonfun$apply$3$$anonfun$2.apply(PlayRun.scala:61) ~[na:na]
	at play.runsupport.Reloader.reload(Reloader.scala:295) ~[na:na]
	at play.core.ReloadableApplication$$anonfun$get$1.apply(ApplicationProvider.scala:122) ~[play_2.11-2.3.8.jar:2.3.8]
	at play.core.ReloadableApplication$$anonfun$get$1.apply(ApplicationProvider.scala:120) ~[play_2.11-2.3.8.jar:2.3.8]
	at scala.concurrent.impl.Future$PromiseCompletingRunnable.liftedTree1$1(Future.scala:24) ~[scala-library-2.11.1.jar:na]
	at scala.concurrent.impl.Future$PromiseCompletingRunnable.run(Future.scala:24) ~[scala-library-2.11.1.jar:na]
	at scala.concurrent.forkjoin.ForkJoinTask$AdaptedRunnableAction.exec(ForkJoinTask.java:1361) ~[scala-library-2.11.1.jar:na]
	at scala.concurrent.forkjoin.ForkJoinTask.doExec(ForkJoinTask.java:260) ~[scala-library-2.11.1.jar:na]
	at scala.concurrent.forkjoin.ForkJoinPool$WorkQueue.runTask(ForkJoinPool.java:1339) ~[scala-library-2.11.1.jar:na]
	at scala.concurrent.forkjoin.ForkJoinPool.runWorker(ForkJoinPool.java:1979) ~[scala-library-2.11.1.jar:na]
	at scala.concurrent.forkjoin.ForkJoinWorkerThread.run(ForkJoinWorkerThread.java:107) ~[scala-library-2.11.1.jar:na]

2015-05-16 18:04:10,893 - [INFO] - from com.jolbox.bonecp.BoneCP in play-internal-execution-context-1 
Shutting down connection pool...

2015-05-16 18:04:10,895 - [DEBUG] - from com.jolbox.bonecp.PoolWatchThread in BoneCP-pool-watch-thread 
Terminating pool watch thread

2015-05-16 18:04:10,896 - [INFO] - from com.jolbox.bonecp.BoneCP in play-internal-execution-context-1 
Connection pool has been shutdown.

2015-05-16 18:04:10,896 - [DEBUG] - from com.jolbox.bonecp.BoneCPDataSource in play-internal-execution-context-1 
Connection pool has been shut down

2015-05-16 18:04:10,953 - [DEBUG] - from com.jolbox.bonecp.BoneCPDataSource in play-internal-execution-context-1 
JDBC URL = jdbc:mysql://127.0.0.1/icare, Username = root, partitions = 1, max (per partition) = 30, min (per partition) = 5, idle max age = 10 min, idle test period = 1 min, strategy = DEFAULT

2015-05-16 18:04:11,044 - [INFO] - from play in play-internal-execution-context-1 
database [default] connected at jdbc:mysql://127.0.0.1/icare

2015-05-16 18:04:11,122 - [DEBUG] - from com.jolbox.bonecp.StatementHandle in play-internal-execution-context-1 
select id, hash, apply_script, revert_script, state, last_problem from play_evolutions where state like 'applying_%'

2015-05-16 18:04:11,123 - [DEBUG] - from com.jolbox.bonecp.StatementHandle in play-internal-execution-context-1 

            select id, hash, apply_script, revert_script from play_evolutions order by id
        

2015-05-16 18:04:11,474 - [INFO] - from play in play-internal-execution-context-1 
Application started (Dev)

2015-05-16 18:04:11,482 - [DEBUG] - from application in play-akka.actor.default-dispatcher-27 
query: cushion id: 1

2015-05-16 18:04:11,484 - [DEBUG] - from com.jolbox.bonecp.PreparedStatementHandle in play-akka.actor.default-dispatcher-27 
select t0.id c0, t0.mac c1, t0.version c2, t0.type c3 from device t0 where t0.id = 1 

